  [1m[36m (7.0ms)[0m  [1mCREATE TABLE "schema_migrations" ("version" varchar(255) NOT NULL) [0m
  [1m[35m (8.2ms)[0m  CREATE UNIQUE INDEX "unique_schema_migrations" ON "schema_migrations" ("version")
  [1m[36mActiveRecord::SchemaMigration Load (2.3ms)[0m  [1mSELECT "schema_migrations".* FROM "schema_migrations"[0m
Migrating to CreateMovies (20151019171540)
  [1m[35m (0.1ms)[0m  begin transaction
  [1m[36m (5.5ms)[0m  [1mCREATE TABLE "movies" ("id" INTEGER PRIMARY KEY AUTOINCREMENT NOT NULL, "title" varchar(255), "director" varchar(255), "runtime_in_minutes" integer, "description" text, "poster_image_url" varchar(255), "release_date" datetime, "created_at" datetime, "updated_at" datetime) [0m
  [1m[35mSQL (1.4ms)[0m  INSERT INTO "schema_migrations" ("version") VALUES (?)  [["version", "20151019171540"]]
  [1m[36m (8.4ms)[0m  [1mcommit transaction[0m
  [1m[35mActiveRecord::SchemaMigration Load (2.1ms)[0m  SELECT "schema_migrations".* FROM "schema_migrations"


Started GET "/" for 10.0.2.2 at 2015-10-19 17:58:16 +0000
  [1m[36mActiveRecord::SchemaMigration Load (2.1ms)[0m  [1mSELECT "schema_migrations".* FROM "schema_migrations"[0m
Processing by Rails::WelcomeController#index as HTML
  Rendered /usr/local/rvm/gems/ruby-2.1.3/gems/railties-4.0.0/lib/rails/templates/rails/welcome/index.html.erb (9.6ms)
Completed 200 OK in 102ms (Views: 51.7ms | ActiveRecord: 0.0ms)


Started GET "/" for 10.0.2.2 at 2015-10-19 18:00:34 +0000
Processing by Rails::WelcomeController#index as HTML
  Rendered /usr/local/rvm/gems/ruby-2.1.3/gems/railties-4.0.0/lib/rails/templates/rails/welcome/index.html.erb (0.2ms)
Completed 200 OK in 7ms (Views: 5.2ms | ActiveRecord: 0.0ms)


Started GET "/" for 10.0.2.2 at 2015-10-19 18:00:37 +0000
Processing by Rails::WelcomeController#index as HTML
  Rendered /usr/local/rvm/gems/ruby-2.1.3/gems/railties-4.0.0/lib/rails/templates/rails/welcome/index.html.erb (1.0ms)
Completed 200 OK in 5ms (Views: 4.4ms | ActiveRecord: 0.0ms)


Started GET "/" for 10.0.2.2 at 2015-10-19 18:00:40 +0000
Processing by Rails::WelcomeController#index as HTML
  Rendered /usr/local/rvm/gems/ruby-2.1.3/gems/railties-4.0.0/lib/rails/templates/rails/welcome/index.html.erb (0.3ms)
Completed 200 OK in 5ms (Views: 4.7ms | ActiveRecord: 0.0ms)


Started GET "/" for 10.0.2.2 at 2015-10-19 18:27:00 +0000
Processing by Rails::WelcomeController#index as HTML
  Rendered /usr/local/rvm/gems/ruby-2.1.3/gems/railties-4.0.0/lib/rails/templates/rails/welcome/index.html.erb (0.2ms)
Completed 200 OK in 7ms (Views: 6.7ms | ActiveRecord: 0.0ms)


Started GET "/new" for 10.0.2.2 at 2015-10-19 18:27:05 +0000

ActionController::RoutingError (No route matches [GET] "/new"):
  actionpack (4.0.0) lib/action_dispatch/middleware/debug_exceptions.rb:21:in `call'
  actionpack (4.0.0) lib/action_dispatch/middleware/show_exceptions.rb:30:in `call'
  railties (4.0.0) lib/rails/rack/logger.rb:38:in `call_app'
  railties (4.0.0) lib/rails/rack/logger.rb:21:in `block in call'
  activesupport (4.0.0) lib/active_support/tagged_logging.rb:67:in `block in tagged'
  activesupport (4.0.0) lib/active_support/tagged_logging.rb:25:in `tagged'
  activesupport (4.0.0) lib/active_support/tagged_logging.rb:67:in `tagged'
  railties (4.0.0) lib/rails/rack/logger.rb:21:in `call'
  actionpack (4.0.0) lib/action_dispatch/middleware/request_id.rb:21:in `call'
  rack (1.5.5) lib/rack/methodoverride.rb:21:in `call'
  rack (1.5.5) lib/rack/runtime.rb:17:in `call'
  activesupport (4.0.0) lib/active_support/cache/strategy/local_cache.rb:83:in `call'
  rack (1.5.5) lib/rack/lock.rb:17:in `call'
  actionpack (4.0.0) lib/action_dispatch/middleware/static.rb:64:in `call'
  railties (4.0.0) lib/rails/engine.rb:511:in `call'
  railties (4.0.0) lib/rails/application.rb:97:in `call'
  rack (1.5.5) lib/rack/lock.rb:17:in `call'
  rack (1.5.5) lib/rack/content_length.rb:14:in `call'
  rack (1.5.5) lib/rack/handler/webrick.rb:60:in `service'
  /usr/local/rvm/rubies/ruby-2.1.3/lib/ruby/2.1.0/webrick/httpserver.rb:138:in `service'
  /usr/local/rvm/rubies/ruby-2.1.3/lib/ruby/2.1.0/webrick/httpserver.rb:94:in `run'
  /usr/local/rvm/rubies/ruby-2.1.3/lib/ruby/2.1.0/webrick/server.rb:295:in `block in start_thread'


  Rendered /usr/local/rvm/gems/ruby-2.1.3/gems/actionpack-4.0.0/lib/action_dispatch/middleware/templates/rescues/_trace.erb (3.2ms)
  Rendered /usr/local/rvm/gems/ruby-2.1.3/gems/actionpack-4.0.0/lib/action_dispatch/middleware/templates/routes/_route.html.erb (2.9ms)
  Rendered /usr/local/rvm/gems/ruby-2.1.3/gems/actionpack-4.0.0/lib/action_dispatch/middleware/templates/routes/_table.html.erb (38.6ms)
  Rendered /usr/local/rvm/gems/ruby-2.1.3/gems/actionpack-4.0.0/lib/action_dispatch/middleware/templates/rescues/routing_error.erb within rescues/layout (86.6ms)
  [1m[36mActiveRecord::SchemaMigration Load (2.2ms)[0m  [1mSELECT "schema_migrations".* FROM "schema_migrations"[0m
Migrating to CreateUsers (20151019185422)
  [1m[35m (0.1ms)[0m  begin transaction
  [1m[36m (18.8ms)[0m  [1mCREATE TABLE "users" ("id" INTEGER PRIMARY KEY AUTOINCREMENT NOT NULL, "email" varchar(255), "password_digest" varchar(255), "created_at" datetime, "updated_at" datetime) [0m
  [1m[35mSQL (2.2ms)[0m  INSERT INTO "schema_migrations" ("version") VALUES (?)  [["version", "20151019185422"]]
  [1m[36m (8.1ms)[0m  [1mcommit transaction[0m
  [1m[35mActiveRecord::SchemaMigration Load (2.4ms)[0m  SELECT "schema_migrations".* FROM "schema_migrations"
  [1m[36mActiveRecord::SchemaMigration Load (2.2ms)[0m  [1mSELECT "schema_migrations".* FROM "schema_migrations"[0m
Migrating to AddNameFieldsToUsers (20151019185740)
  [1m[35m (0.1ms)[0m  begin transaction
  [1m[36m (5.1ms)[0m  [1mALTER TABLE "users" ADD "firstname" varchar(255)[0m
  [1m[35m (0.4ms)[0m  ALTER TABLE "users" ADD "lastname" varchar(255)
  [1m[36mSQL (1.8ms)[0m  [1mINSERT INTO "schema_migrations" ("version") VALUES (?)[0m  [["version", "20151019185740"]]
  [1m[35m (5.7ms)[0m  commit transaction
  [1m[36mActiveRecord::SchemaMigration Load (2.4ms)[0m  [1mSELECT "schema_migrations".* FROM "schema_migrations"[0m
  [1m[36mActiveRecord::SchemaMigration Load (2.2ms)[0m  [1mSELECT "schema_migrations".* FROM "schema_migrations"[0m
Migrating to CreateReviews (20151019204350)
  [1m[35m (0.2ms)[0m  begin transaction
  [1m[36m (14.6ms)[0m  [1mCREATE TABLE "reviews" ("id" INTEGER PRIMARY KEY AUTOINCREMENT NOT NULL, "user_id" integer, "movie_id" integer, "text" text, "rating_out_of_ten" integer, "created_at" datetime, "updated_at" datetime) [0m
  [1m[35m (1.4ms)[0m  CREATE INDEX "index_reviews_on_user_id" ON "reviews" ("user_id")
  [1m[36m (0.2ms)[0m  [1mCREATE INDEX "index_reviews_on_movie_id" ON "reviews" ("movie_id")[0m
  [1m[35mSQL (49.7ms)[0m  INSERT INTO "schema_migrations" ("version") VALUES (?)  [["version", "20151019204350"]]
  [1m[36m (30.0ms)[0m  [1mcommit transaction[0m
  [1m[35mActiveRecord::SchemaMigration Load (3.4ms)[0m  SELECT "schema_migrations".* FROM "schema_migrations"
  [1m[36mActiveRecord::SchemaMigration Load (2.4ms)[0m  [1mSELECT "schema_migrations".* FROM "schema_migrations"[0m
  [1m[35mActiveRecord::SchemaMigration Load (2.2ms)[0m  SELECT "schema_migrations".* FROM "schema_migrations"


Started GET "/movies/" for 10.0.2.2 at 2015-10-19 22:02:05 +0000
  [1m[36mActiveRecord::SchemaMigration Load (2.4ms)[0m  [1mSELECT "schema_migrations".* FROM "schema_migrations"[0m
Processing by MoviesController#index as HTML
  [1m[35mMovie Load (2.2ms)[0m  SELECT "movies".* FROM "movies"
  Rendered movies/index.html.erb within layouts/application (15.5ms)
  Rendered layouts/_footer.html.erb (1.2ms)
Completed 200 OK in 786ms (Views: 685.5ms | ActiveRecord: 2.2ms)


Started GET "/assets/movies.css?body=1" for 10.0.2.2 at 2015-10-19 22:02:07 +0000


Started GET "/assets/application.css?body=1" for 10.0.2.2 at 2015-10-19 22:02:07 +0000


Started GET "/assets/sessions.css?body=1" for 10.0.2.2 at 2015-10-19 22:02:07 +0000


Started GET "/assets/users.css?body=1" for 10.0.2.2 at 2015-10-19 22:02:07 +0000


Started GET "/assets/reviews.css?body=1" for 10.0.2.2 at 2015-10-19 22:02:07 +0000


Started GET "/assets/jquery.js?body=1" for 10.0.2.2 at 2015-10-19 22:02:07 +0000


Started GET "/assets/jquery_ujs.js?body=1" for 10.0.2.2 at 2015-10-19 22:02:08 +0000


Started GET "/assets/turbolinks.js?body=1" for 10.0.2.2 at 2015-10-19 22:02:08 +0000


Started GET "/assets/movies.js?body=1" for 10.0.2.2 at 2015-10-19 22:02:08 +0000


Started GET "/assets/reviews.js?body=1" for 10.0.2.2 at 2015-10-19 22:02:08 +0000


Started GET "/assets/sessions.js?body=1" for 10.0.2.2 at 2015-10-19 22:02:08 +0000


Started GET "/assets/users.js?body=1" for 10.0.2.2 at 2015-10-19 22:02:08 +0000


Started GET "/assets/application.js?body=1" for 10.0.2.2 at 2015-10-19 22:02:08 +0000


Started GET "/users/new" for 10.0.2.2 at 2015-10-19 22:02:10 +0000
Processing by UsersController#new as HTML
  Rendered users/new.html.erb within layouts/application (104.0ms)
  Rendered layouts/_footer.html.erb (1.8ms)
Completed 200 OK in 438ms (Views: 352.4ms | ActiveRecord: 2.7ms)


Started POST "/users" for 10.0.2.2 at 2015-10-19 22:02:18 +0000
Processing by UsersController#create as HTML
  Parameters: {"utf8"=>"✓", "authenticity_token"=>"YPPEPGEDDq3ZKCIuv4yZVNLFLQ3IaiE8w7MkSaQbapE=", "user"=>{"email"=>"andres.cisneros3@gmail.com", "firstname"=>"Andres", "lastname"=>"Cisneros", "password"=>"[FILTERED]", "password_confirmation"=>"[FILTERED]"}, "commit"=>"Submit"}
  [1m[36m (0.3ms)[0m  [1mbegin transaction[0m
Binary data inserted for `string` type on column `password_digest`
  [1m[35mSQL (37.8ms)[0m  INSERT INTO "users" ("created_at", "email", "firstname", "lastname", "password_digest", "updated_at") VALUES (?, ?, ?, ?, ?, ?)  [["created_at", Mon, 19 Oct 2015 22:02:18 UTC +00:00], ["email", "andres.cisneros3@gmail.com"], ["firstname", "Andres"], ["lastname", "Cisneros"], ["password_digest", "$2a$10$f4SW4M/xFq8.46seppX/kOeWFWwxVosVT2fauCUofFXLES1GoOvjq"], ["updated_at", Mon, 19 Oct 2015 22:02:18 UTC +00:00]]
  [1m[36m (12.7ms)[0m  [1mcommit transaction[0m
Redirected to http://localhost:3000/movies
Completed 302 Found in 185ms (ActiveRecord: 50.8ms)


Started GET "/movies" for 10.0.2.2 at 2015-10-19 22:02:18 +0000
Processing by MoviesController#index as HTML
  [1m[35mMovie Load (2.2ms)[0m  SELECT "movies".* FROM "movies"
  Rendered movies/index.html.erb within layouts/application (4.6ms)
  [1m[36mUser Load (2.3ms)[0m  [1mSELECT "users".* FROM "users" WHERE "users"."id" = ? LIMIT 1[0m  [["id", 1]]
  Rendered layouts/_footer.html.erb (8.3ms)
Completed 200 OK in 255ms (Views: 249.8ms | ActiveRecord: 4.5ms)


Started GET "/assets/movies.css?body=1" for 10.0.2.2 at 2015-10-19 22:02:19 +0000


Started GET "/assets/users.css?body=1" for 10.0.2.2 at 2015-10-19 22:02:19 +0000


Started GET "/assets/jquery.js?body=1" for 10.0.2.2 at 2015-10-19 22:02:19 +0000


Started GET "/assets/reviews.css?body=1" for 10.0.2.2 at 2015-10-19 22:02:19 +0000


Started GET "/assets/application.css?body=1" for 10.0.2.2 at 2015-10-19 22:02:19 +0000


Started GET "/assets/sessions.css?body=1" for 10.0.2.2 at 2015-10-19 22:02:19 +0000


Started GET "/assets/jquery_ujs.js?body=1" for 10.0.2.2 at 2015-10-19 22:02:20 +0000


Started GET "/assets/turbolinks.js?body=1" for 10.0.2.2 at 2015-10-19 22:02:20 +0000


Started GET "/assets/movies.js?body=1" for 10.0.2.2 at 2015-10-19 22:02:20 +0000


Started GET "/assets/reviews.js?body=1" for 10.0.2.2 at 2015-10-19 22:02:20 +0000


Started GET "/assets/sessions.js?body=1" for 10.0.2.2 at 2015-10-19 22:02:20 +0000


Started GET "/assets/users.js?body=1" for 10.0.2.2 at 2015-10-19 22:02:20 +0000


Started GET "/assets/application.js?body=1" for 10.0.2.2 at 2015-10-19 22:02:20 +0000


Started GET "/movies/new" for 10.0.2.2 at 2015-10-19 22:19:32 +0000
Processing by MoviesController#new as HTML
  Rendered movies/_form.html.erb (115.9ms)
  Rendered movies/new.html.erb within layouts/application (172.5ms)
Completed 500 Internal Server Error in 322ms

ActionView::Template::Error (undefined method `strftime' for nil:NilClass):
    4:     <%= f.text_field :title %>
    5:   </div>
    6:   <div>
    7:     <%= formatted_date(@movie.release_date) %><br>
    8:     <%= f.date_field :release_date %>
    9:   </div>
   10:   <div>
  app/helpers/movies_helper.rb:4:in `formatted_date'
  app/views/movies/_form.html.erb:7:in `block in _app_views_movies__form_html_erb__734137556_87455930'
  app/views/movies/_form.html.erb:1:in `_app_views_movies__form_html_erb__734137556_87455930'
  app/views/movies/new.html.erb:4:in `_app_views_movies_new_html_erb___446815723_87464920'


  Rendered /usr/local/rvm/gems/ruby-2.1.3/gems/actionpack-4.0.0/lib/action_dispatch/middleware/templates/rescues/_trace.erb (3.1ms)
  Rendered /usr/local/rvm/gems/ruby-2.1.3/gems/actionpack-4.0.0/lib/action_dispatch/middleware/templates/rescues/_request_and_response.erb (2.6ms)
  Rendered /usr/local/rvm/gems/ruby-2.1.3/gems/actionpack-4.0.0/lib/action_dispatch/middleware/templates/rescues/template_error.erb within rescues/layout (28.5ms)


Started GET "/movies/new" for 10.0.2.2 at 2015-10-19 22:19:33 +0000
Processing by MoviesController#new as HTML
  Rendered movies/_form.html.erb (43.8ms)
  Rendered movies/new.html.erb within layouts/application (79.0ms)
Completed 500 Internal Server Error in 199ms

ActionView::Template::Error (undefined method `strftime' for nil:NilClass):
    4:     <%= f.text_field :title %>
    5:   </div>
    6:   <div>
    7:     <%= formatted_date(@movie.release_date) %><br>
    8:     <%= f.date_field :release_date %>
    9:   </div>
   10:   <div>
  app/helpers/movies_helper.rb:4:in `formatted_date'
  app/views/movies/_form.html.erb:7:in `block in _app_views_movies__form_html_erb__734137556_82042230'
  app/views/movies/_form.html.erb:1:in `_app_views_movies__form_html_erb__734137556_82042230'
  app/views/movies/new.html.erb:4:in `_app_views_movies_new_html_erb___446815723_82086590'


  Rendered /usr/local/rvm/gems/ruby-2.1.3/gems/actionpack-4.0.0/lib/action_dispatch/middleware/templates/rescues/_trace.erb (2.8ms)
  Rendered /usr/local/rvm/gems/ruby-2.1.3/gems/actionpack-4.0.0/lib/action_dispatch/middleware/templates/rescues/_request_and_response.erb (1.9ms)
  Rendered /usr/local/rvm/gems/ruby-2.1.3/gems/actionpack-4.0.0/lib/action_dispatch/middleware/templates/rescues/template_error.erb within rescues/layout (35.0ms)


Started GET "/movies/new" for 10.0.2.2 at 2015-10-19 22:21:05 +0000
Processing by MoviesController#new as HTML
  Rendered movies/_form.html.erb (43.8ms)
  Rendered movies/new.html.erb within layouts/application (95.1ms)
  [1m[35mUser Load (2.1ms)[0m  SELECT "users".* FROM "users" WHERE "users"."id" = ? LIMIT 1  [["id", 1]]
  Rendered layouts/_footer.html.erb (4.7ms)
Completed 200 OK in 381ms (Views: 376.8ms | ActiveRecord: 2.1ms)


Started POST "/movies" for 10.0.2.2 at 2015-10-19 22:23:02 +0000
Processing by MoviesController#create as HTML
  Parameters: {"utf8"=>"✓", "authenticity_token"=>"YPPEPGEDDq3ZKCIuv4yZVNLFLQ3IaiE8w7MkSaQbapE=", "movie"=>{"title"=>"Interstellar", "release_date"=>"2015-06-14", "director"=>"Christopher Nolan", "runtime_in_minutes"=>"214", "poster_image_url"=>"http://www.wired.com/wp-content/uploads/2014/09/Interstellar_ALT_Artowrk.jpeg", "description"=>"Man travels through space to save the world."}, "commit"=>"Submit"}
  [1m[36m (0.2ms)[0m  [1mbegin transaction[0m
  [1m[35m (0.1ms)[0m  rollback transaction
  Rendered movies/_form.html.erb (9.8ms)
  Rendered movies/new.html.erb within layouts/application (46.8ms)
  [1m[36mUser Load (2.2ms)[0m  [1mSELECT "users".* FROM "users" WHERE "users"."id" = ? LIMIT 1[0m  [["id", 1]]
  Rendered layouts/_footer.html.erb (5.0ms)
Completed 200 OK in 300ms (Views: 287.2ms | ActiveRecord: 2.5ms)


Started GET "/assets/reviews.css?body=1" for 10.0.2.2 at 2015-10-19 22:23:02 +0000


Started GET "/assets/movies.css?body=1" for 10.0.2.2 at 2015-10-19 22:23:02 +0000


Started GET "/assets/sessions.css?body=1" for 10.0.2.2 at 2015-10-19 22:23:02 +0000


Started GET "/assets/users.css?body=1" for 10.0.2.2 at 2015-10-19 22:23:03 +0000


Started GET "/assets/jquery.js?body=1" for 10.0.2.2 at 2015-10-19 22:23:03 +0000


Started GET "/assets/application.css?body=1" for 10.0.2.2 at 2015-10-19 22:23:03 +0000


Started GET "/assets/jquery_ujs.js?body=1" for 10.0.2.2 at 2015-10-19 22:23:03 +0000


Started GET "/assets/turbolinks.js?body=1" for 10.0.2.2 at 2015-10-19 22:23:03 +0000


Started GET "/assets/movies.js?body=1" for 10.0.2.2 at 2015-10-19 22:23:03 +0000


Started GET "/assets/reviews.js?body=1" for 10.0.2.2 at 2015-10-19 22:23:03 +0000


Started GET "/assets/sessions.js?body=1" for 10.0.2.2 at 2015-10-19 22:23:03 +0000


Started GET "/assets/users.js?body=1" for 10.0.2.2 at 2015-10-19 22:23:03 +0000


Started GET "/assets/application.js?body=1" for 10.0.2.2 at 2015-10-19 22:23:03 +0000


Started POST "/movies" for 10.0.2.2 at 2015-10-19 22:23:23 +0000
Processing by MoviesController#create as HTML
  Parameters: {"utf8"=>"✓", "authenticity_token"=>"YPPEPGEDDq3ZKCIuv4yZVNLFLQ3IaiE8w7MkSaQbapE=", "movie"=>{"title"=>"Interstellar", "release_date"=>"2016-06-14", "director"=>"Christopher Nolan", "runtime_in_minutes"=>"214", "poster_image_url"=>"http://www.wired.com/wp-content/uploads/2014/09/Interstellar_ALT_Artowrk.jpeg", "description"=>"Man travels through space to save the world."}, "commit"=>"Submit"}
  [1m[35m (0.1ms)[0m  begin transaction
  [1m[36mSQL (8.0ms)[0m  [1mINSERT INTO "movies" ("created_at", "description", "director", "poster_image_url", "release_date", "runtime_in_minutes", "title", "updated_at") VALUES (?, ?, ?, ?, ?, ?, ?, ?)[0m  [["created_at", Mon, 19 Oct 2015 22:23:23 UTC +00:00], ["description", "Man travels through space to save the world."], ["director", "Christopher Nolan"], ["poster_image_url", "http://www.wired.com/wp-content/uploads/2014/09/Interstellar_ALT_Artowrk.jpeg"], ["release_date", Tue, 14 Jun 2016 00:00:00 UTC +00:00], ["runtime_in_minutes", 214], ["title", "Interstellar"], ["updated_at", Mon, 19 Oct 2015 22:23:23 UTC +00:00]]
  [1m[35m (6.2ms)[0m  commit transaction
Redirected to http://localhost:3000/movies
Completed 302 Found in 26ms (ActiveRecord: 14.3ms)


Started GET "/movies" for 10.0.2.2 at 2015-10-19 22:23:23 +0000
Processing by MoviesController#index as HTML
  [1m[36mMovie Load (2.9ms)[0m  [1mSELECT "movies".* FROM "movies"[0m
  Rendered movies/index.html.erb within layouts/application (43.5ms)
Completed 500 Internal Server Error in 150ms

ActionView::Template::Error (undefined method `review_average' for nil:NilClass):
    4:     <% @movies.each do |movie| %>
    5:       <%= link_to image_tag(movie.poster_image_url), movie_path(movie) %>
    6:       <h2><%= link_to movie.title, movie_path(movie) %></h2>
    7:       <%= @movie.review_average %>/10
    8:       <h3><%= movie.release_date %></h3>
    9:       <h4>Dir. <%= movie.director %> | <%= movie.runtime_in_minutes %> minutes</h4>
   10:       <p><%= movie.description %></p>
  app/views/movies/index.html.erb:7:in `block in _app_views_movies_index_html_erb___647883210_87089110'
  app/views/movies/index.html.erb:4:in `_app_views_movies_index_html_erb___647883210_87089110'


  Rendered /usr/local/rvm/gems/ruby-2.1.3/gems/actionpack-4.0.0/lib/action_dispatch/middleware/templates/rescues/_trace.erb (2.8ms)
  Rendered /usr/local/rvm/gems/ruby-2.1.3/gems/actionpack-4.0.0/lib/action_dispatch/middleware/templates/rescues/_request_and_response.erb (0.6ms)
  Rendered /usr/local/rvm/gems/ruby-2.1.3/gems/actionpack-4.0.0/lib/action_dispatch/middleware/templates/rescues/template_error.erb within rescues/layout (21.3ms)


Started GET "/assets/application.css?body=1" for 10.0.2.2 at 2015-10-19 22:23:30 +0000


Started GET "/assets/movies.css?body=1" for 10.0.2.2 at 2015-10-19 22:23:30 +0000


Started GET "/assets/jquery.js?body=1" for 10.0.2.2 at 2015-10-19 22:23:30 +0000


Started GET "/assets/reviews.css?body=1" for 10.0.2.2 at 2015-10-19 22:23:30 +0000


Started GET "/assets/sessions.css?body=1" for 10.0.2.2 at 2015-10-19 22:23:30 +0000


Started GET "/assets/users.css?body=1" for 10.0.2.2 at 2015-10-19 22:23:30 +0000


Started GET "/assets/jquery_ujs.js?body=1" for 10.0.2.2 at 2015-10-19 22:23:30 +0000


Started GET "/assets/turbolinks.js?body=1" for 10.0.2.2 at 2015-10-19 22:23:30 +0000


Started GET "/assets/movies.js?body=1" for 10.0.2.2 at 2015-10-19 22:23:31 +0000


Started GET "/assets/reviews.js?body=1" for 10.0.2.2 at 2015-10-19 22:23:31 +0000


Started GET "/assets/sessions.js?body=1" for 10.0.2.2 at 2015-10-19 22:23:31 +0000


Started GET "/assets/users.js?body=1" for 10.0.2.2 at 2015-10-19 22:23:31 +0000


Started GET "/assets/application.js?body=1" for 10.0.2.2 at 2015-10-19 22:23:31 +0000


Started POST "/movies" for 10.0.2.2 at 2015-10-19 22:23:35 +0000
Processing by MoviesController#create as HTML
  Parameters: {"utf8"=>"✓", "authenticity_token"=>"YPPEPGEDDq3ZKCIuv4yZVNLFLQ3IaiE8w7MkSaQbapE=", "movie"=>{"title"=>"Interstellar", "release_date"=>"2016-06-14", "director"=>"Christopher Nolan", "runtime_in_minutes"=>"214", "poster_image_url"=>"http://www.wired.com/wp-content/uploads/2014/09/Interstellar_ALT_Artowrk.jpeg", "description"=>"Man travels through space to save the world."}, "commit"=>"Submit"}
  [1m[35m (1.8ms)[0m  begin transaction
  [1m[36mSQL (9.0ms)[0m  [1mINSERT INTO "movies" ("created_at", "description", "director", "poster_image_url", "release_date", "runtime_in_minutes", "title", "updated_at") VALUES (?, ?, ?, ?, ?, ?, ?, ?)[0m  [["created_at", Mon, 19 Oct 2015 22:23:35 UTC +00:00], ["description", "Man travels through space to save the world."], ["director", "Christopher Nolan"], ["poster_image_url", "http://www.wired.com/wp-content/uploads/2014/09/Interstellar_ALT_Artowrk.jpeg"], ["release_date", Tue, 14 Jun 2016 00:00:00 UTC +00:00], ["runtime_in_minutes", 214], ["title", "Interstellar"], ["updated_at", Mon, 19 Oct 2015 22:23:35 UTC +00:00]]
  [1m[35m (6.6ms)[0m  commit transaction
Redirected to http://localhost:3000/movies
Completed 302 Found in 25ms (ActiveRecord: 17.4ms)


Started GET "/movies" for 10.0.2.2 at 2015-10-19 22:23:35 +0000
Processing by MoviesController#index as HTML
  [1m[36mMovie Load (2.7ms)[0m  [1mSELECT "movies".* FROM "movies"[0m
  Rendered movies/index.html.erb within layouts/application (38.4ms)
Completed 500 Internal Server Error in 141ms

ActionView::Template::Error (undefined method `review_average' for nil:NilClass):
    4:     <% @movies.each do |movie| %>
    5:       <%= link_to image_tag(movie.poster_image_url), movie_path(movie) %>
    6:       <h2><%= link_to movie.title, movie_path(movie) %></h2>
    7:       <%= @movie.review_average %>/10
    8:       <h3><%= movie.release_date %></h3>
    9:       <h4>Dir. <%= movie.director %> | <%= movie.runtime_in_minutes %> minutes</h4>
   10:       <p><%= movie.description %></p>
  app/views/movies/index.html.erb:7:in `block in _app_views_movies_index_html_erb___647883210_87089110'
  app/views/movies/index.html.erb:4:in `_app_views_movies_index_html_erb___647883210_87089110'


  Rendered /usr/local/rvm/gems/ruby-2.1.3/gems/actionpack-4.0.0/lib/action_dispatch/middleware/templates/rescues/_trace.erb (3.1ms)
  Rendered /usr/local/rvm/gems/ruby-2.1.3/gems/actionpack-4.0.0/lib/action_dispatch/middleware/templates/rescues/_request_and_response.erb (2.3ms)
  Rendered /usr/local/rvm/gems/ruby-2.1.3/gems/actionpack-4.0.0/lib/action_dispatch/middleware/templates/rescues/template_error.erb within rescues/layout (22.8ms)


Started GET "/assets/application.css?body=1" for 10.0.2.2 at 2015-10-19 22:24:04 +0000


Started GET "/assets/movies.css?body=1" for 10.0.2.2 at 2015-10-19 22:24:05 +0000


Started GET "/assets/reviews.css?body=1" for 10.0.2.2 at 2015-10-19 22:24:05 +0000


Started GET "/assets/sessions.css?body=1" for 10.0.2.2 at 2015-10-19 22:24:05 +0000


Started GET "/assets/users.css?body=1" for 10.0.2.2 at 2015-10-19 22:24:05 +0000


Started GET "/assets/jquery.js?body=1" for 10.0.2.2 at 2015-10-19 22:24:05 +0000


Started GET "/assets/jquery_ujs.js?body=1" for 10.0.2.2 at 2015-10-19 22:24:05 +0000


Started GET "/assets/turbolinks.js?body=1" for 10.0.2.2 at 2015-10-19 22:24:05 +0000


Started GET "/assets/movies.js?body=1" for 10.0.2.2 at 2015-10-19 22:24:05 +0000


Started GET "/assets/reviews.js?body=1" for 10.0.2.2 at 2015-10-19 22:24:06 +0000


Started GET "/assets/sessions.js?body=1" for 10.0.2.2 at 2015-10-19 22:24:06 +0000


Started GET "/assets/users.js?body=1" for 10.0.2.2 at 2015-10-19 22:24:06 +0000


Started GET "/assets/application.js?body=1" for 10.0.2.2 at 2015-10-19 22:24:06 +0000


Started POST "/movies" for 10.0.2.2 at 2015-10-19 22:24:08 +0000
Processing by MoviesController#create as HTML
  Parameters: {"utf8"=>"✓", "authenticity_token"=>"YPPEPGEDDq3ZKCIuv4yZVNLFLQ3IaiE8w7MkSaQbapE=", "movie"=>{"title"=>"Interstellar", "release_date"=>"2016-06-14", "director"=>"Christopher Nolan", "runtime_in_minutes"=>"214", "poster_image_url"=>"http://www.wired.com/wp-content/uploads/2014/09/Interstellar_ALT_Artowrk.jpeg", "description"=>"Man travels through space to save the world."}, "commit"=>"Submit"}
  [1m[35m (0.2ms)[0m  begin transaction
  [1m[36mSQL (7.5ms)[0m  [1mINSERT INTO "movies" ("created_at", "description", "director", "poster_image_url", "release_date", "runtime_in_minutes", "title", "updated_at") VALUES (?, ?, ?, ?, ?, ?, ?, ?)[0m  [["created_at", Mon, 19 Oct 2015 22:24:08 UTC +00:00], ["description", "Man travels through space to save the world."], ["director", "Christopher Nolan"], ["poster_image_url", "http://www.wired.com/wp-content/uploads/2014/09/Interstellar_ALT_Artowrk.jpeg"], ["release_date", Tue, 14 Jun 2016 00:00:00 UTC +00:00], ["runtime_in_minutes", 214], ["title", "Interstellar"], ["updated_at", Mon, 19 Oct 2015 22:24:08 UTC +00:00]]
  [1m[35m (5.8ms)[0m  commit transaction
Redirected to http://localhost:3000/movies
Completed 302 Found in 26ms (ActiveRecord: 13.5ms)


Started GET "/movies" for 10.0.2.2 at 2015-10-19 22:24:08 +0000
Processing by MoviesController#index as HTML
  [1m[36mMovie Load (2.5ms)[0m  [1mSELECT "movies".* FROM "movies"[0m
  Rendered movies/index.html.erb within layouts/application (7.8ms)
  [1m[35mUser Load (2.1ms)[0m  SELECT "users".* FROM "users" WHERE "users"."id" = ? LIMIT 1  [["id", 1]]
  Rendered layouts/_footer.html.erb (4.5ms)
Completed 200 OK in 262ms (Views: 256.6ms | ActiveRecord: 4.6ms)


Started GET "/assets/application.css?body=1" for 10.0.2.2 at 2015-10-19 22:24:09 +0000


Started GET "/assets/movies.css?body=1" for 10.0.2.2 at 2015-10-19 22:24:09 +0000


Started GET "/assets/reviews.css?body=1" for 10.0.2.2 at 2015-10-19 22:24:09 +0000


Started GET "/assets/sessions.css?body=1" for 10.0.2.2 at 2015-10-19 22:24:09 +0000


Started GET "/assets/jquery.js?body=1" for 10.0.2.2 at 2015-10-19 22:24:09 +0000


Started GET "/assets/users.css?body=1" for 10.0.2.2 at 2015-10-19 22:24:09 +0000


Started GET "/assets/jquery_ujs.js?body=1" for 10.0.2.2 at 2015-10-19 22:24:09 +0000


Started GET "/assets/turbolinks.js?body=1" for 10.0.2.2 at 2015-10-19 22:24:09 +0000


Started GET "/assets/movies.js?body=1" for 10.0.2.2 at 2015-10-19 22:24:09 +0000


Started GET "/assets/reviews.js?body=1" for 10.0.2.2 at 2015-10-19 22:24:10 +0000


Started GET "/assets/sessions.js?body=1" for 10.0.2.2 at 2015-10-19 22:24:10 +0000


Started GET "/assets/users.js?body=1" for 10.0.2.2 at 2015-10-19 22:24:10 +0000


Started GET "/assets/application.js?body=1" for 10.0.2.2 at 2015-10-19 22:24:10 +0000


Started GET "/movies/1" for 10.0.2.2 at 2015-10-19 22:24:38 +0000
Processing by MoviesController#show as HTML
  Parameters: {"id"=>"1"}
  [1m[36mMovie Load (2.1ms)[0m  [1mSELECT "movies".* FROM "movies" WHERE "movies"."id" = ? LIMIT 1[0m  [["id", "1"]]
DEPRECATION WARNING: :confirm option is deprecated and will be removed from Rails 4.1. Use 'data: { confirm: 'Text' }' instead. (called from _app_views_movies_show_html_erb__915334351_88803360 at /vagrant/rotten_mangoes/app/views/movies/show.html.erb:4)
  [1m[35mUser Load (2.2ms)[0m  SELECT "users".* FROM "users" WHERE "users"."id" = ? LIMIT 1  [["id", 1]]
  [1m[36mReview Load (5.8ms)[0m  [1mSELECT "reviews".* FROM "reviews" WHERE "reviews"."movie_id" = ?[0m  [["movie_id", 1]]
  Rendered movies/show.html.erb within layouts/application (136.4ms)
  Rendered layouts/_footer.html.erb (0.6ms)
Completed 200 OK in 419ms (Views: 404.9ms | ActiveRecord: 10.3ms)


Started DELETE "/movies/1" for 10.0.2.2 at 2015-10-19 22:24:46 +0000
Processing by MoviesController#destroy as HTML
  Parameters: {"authenticity_token"=>"YPPEPGEDDq3ZKCIuv4yZVNLFLQ3IaiE8w7MkSaQbapE=", "id"=>"1"}
  [1m[35mMovie Load (4.0ms)[0m  SELECT "movies".* FROM "movies" WHERE "movies"."id" = ? LIMIT 1  [["id", "1"]]
  [1m[36m (0.1ms)[0m  [1mbegin transaction[0m
  [1m[35mSQL (7.2ms)[0m  DELETE FROM "movies" WHERE "movies"."id" = ?  [["id", 1]]
  [1m[36m (6.4ms)[0m  [1mcommit transaction[0m
Completed 500 Internal Server Error in 33ms

NameError (undefined local variable or method `redirect_to_movie_path' for #<MoviesController:0xa780c80>):
  app/controllers/movies_controller.rb:41:in `destroy'


  Rendered /usr/local/rvm/gems/ruby-2.1.3/gems/actionpack-4.0.0/lib/action_dispatch/middleware/templates/rescues/_source.erb (1.0ms)
  Rendered /usr/local/rvm/gems/ruby-2.1.3/gems/actionpack-4.0.0/lib/action_dispatch/middleware/templates/rescues/_trace.erb (4.6ms)
  Rendered /usr/local/rvm/gems/ruby-2.1.3/gems/actionpack-4.0.0/lib/action_dispatch/middleware/templates/rescues/_request_and_response.erb (2.4ms)
  Rendered /usr/local/rvm/gems/ruby-2.1.3/gems/actionpack-4.0.0/lib/action_dispatch/middleware/templates/rescues/diagnostics.erb within rescues/layout (43.7ms)


Started DELETE "/movies/1" for 10.0.2.2 at 2015-10-19 22:25:28 +0000
Processing by MoviesController#destroy as HTML
  Parameters: {"authenticity_token"=>"YPPEPGEDDq3ZKCIuv4yZVNLFLQ3IaiE8w7MkSaQbapE=", "id"=>"1"}
  [1m[35mMovie Load (2.8ms)[0m  SELECT "movies".* FROM "movies" WHERE "movies"."id" = ? LIMIT 1  [["id", "1"]]
Completed 404 Not Found in 66ms

ActiveRecord::RecordNotFound (Couldn't find Movie with id=1):
  app/controllers/movies_controller.rb:39:in `destroy'


  Rendered /usr/local/rvm/gems/ruby-2.1.3/gems/actionpack-4.0.0/lib/action_dispatch/middleware/templates/rescues/_source.erb (4.2ms)
  Rendered /usr/local/rvm/gems/ruby-2.1.3/gems/actionpack-4.0.0/lib/action_dispatch/middleware/templates/rescues/_trace.erb (3.4ms)
  Rendered /usr/local/rvm/gems/ruby-2.1.3/gems/actionpack-4.0.0/lib/action_dispatch/middleware/templates/rescues/_request_and_response.erb (10.5ms)
  Rendered /usr/local/rvm/gems/ruby-2.1.3/gems/actionpack-4.0.0/lib/action_dispatch/middleware/templates/rescues/diagnostics.erb within rescues/layout (48.6ms)


Started GET "/movies/1" for 10.0.2.2 at 2015-10-19 22:25:58 +0000
Processing by MoviesController#show as HTML
  Parameters: {"id"=>"1"}
  [1m[36mMovie Load (4.0ms)[0m  [1mSELECT "movies".* FROM "movies" WHERE "movies"."id" = ? LIMIT 1[0m  [["id", "1"]]
Completed 404 Not Found in 8ms

ActiveRecord::RecordNotFound (Couldn't find Movie with id=1):
  app/controllers/movies_controller.rb:7:in `show'


  Rendered /usr/local/rvm/gems/ruby-2.1.3/gems/actionpack-4.0.0/lib/action_dispatch/middleware/templates/rescues/_source.erb (1.6ms)
  Rendered /usr/local/rvm/gems/ruby-2.1.3/gems/actionpack-4.0.0/lib/action_dispatch/middleware/templates/rescues/_trace.erb (3.9ms)
  Rendered /usr/local/rvm/gems/ruby-2.1.3/gems/actionpack-4.0.0/lib/action_dispatch/middleware/templates/rescues/_request_and_response.erb (1.9ms)
  Rendered /usr/local/rvm/gems/ruby-2.1.3/gems/actionpack-4.0.0/lib/action_dispatch/middleware/templates/rescues/diagnostics.erb within rescues/layout (41.7ms)


Started GET "/assets/application.css?body=1" for 10.0.2.2 at 2015-10-19 22:26:00 +0000


Started GET "/assets/movies.css?body=1" for 10.0.2.2 at 2015-10-19 22:26:01 +0000


Started GET "/assets/reviews.css?body=1" for 10.0.2.2 at 2015-10-19 22:26:01 +0000


Started GET "/assets/jquery_ujs.js?body=1" for 10.0.2.2 at 2015-10-19 22:26:01 +0000


Started GET "/assets/jquery.js?body=1" for 10.0.2.2 at 2015-10-19 22:26:01 +0000


Started GET "/assets/sessions.css?body=1" for 10.0.2.2 at 2015-10-19 22:26:01 +0000


Started GET "/assets/users.css?body=1" for 10.0.2.2 at 2015-10-19 22:26:01 +0000


Started GET "/assets/turbolinks.js?body=1" for 10.0.2.2 at 2015-10-19 22:26:01 +0000


Started GET "/assets/movies.js?body=1" for 10.0.2.2 at 2015-10-19 22:26:01 +0000


Started GET "/assets/reviews.js?body=1" for 10.0.2.2 at 2015-10-19 22:26:02 +0000


Started GET "/assets/sessions.js?body=1" for 10.0.2.2 at 2015-10-19 22:26:02 +0000


Started GET "/assets/users.js?body=1" for 10.0.2.2 at 2015-10-19 22:26:02 +0000


Started GET "/assets/application.js?body=1" for 10.0.2.2 at 2015-10-19 22:26:02 +0000


Started GET "/movies" for 10.0.2.2 at 2015-10-19 22:26:09 +0000
Processing by MoviesController#index as HTML
  [1m[35mMovie Load (2.9ms)[0m  SELECT "movies".* FROM "movies"
  Rendered movies/index.html.erb within layouts/application (45.7ms)
  [1m[36mUser Load (2.9ms)[0m  [1mSELECT "users".* FROM "users" WHERE "users"."id" = ? LIMIT 1[0m  [["id", 1]]
  Rendered layouts/_footer.html.erb (71.9ms)
Completed 200 OK in 387ms (Views: 376.9ms | ActiveRecord: 8.2ms)


Started GET "/assets/movies.css?body=1" for 10.0.2.2 at 2015-10-19 22:26:10 +0000


Started GET "/assets/application.css?body=1" for 10.0.2.2 at 2015-10-19 22:26:10 +0000


Started GET "/assets/reviews.css?body=1" for 10.0.2.2 at 2015-10-19 22:26:10 +0000


Started GET "/assets/sessions.css?body=1" for 10.0.2.2 at 2015-10-19 22:26:10 +0000


Started GET "/assets/users.css?body=1" for 10.0.2.2 at 2015-10-19 22:26:10 +0000


Started GET "/assets/jquery.js?body=1" for 10.0.2.2 at 2015-10-19 22:26:11 +0000


Started GET "/assets/jquery_ujs.js?body=1" for 10.0.2.2 at 2015-10-19 22:26:11 +0000


Started GET "/assets/turbolinks.js?body=1" for 10.0.2.2 at 2015-10-19 22:26:11 +0000


Started GET "/assets/movies.js?body=1" for 10.0.2.2 at 2015-10-19 22:26:11 +0000


Started GET "/assets/reviews.js?body=1" for 10.0.2.2 at 2015-10-19 22:26:11 +0000


Started GET "/assets/sessions.js?body=1" for 10.0.2.2 at 2015-10-19 22:26:11 +0000


Started GET "/assets/users.js?body=1" for 10.0.2.2 at 2015-10-19 22:26:11 +0000


Started GET "/assets/application.js?body=1" for 10.0.2.2 at 2015-10-19 22:26:11 +0000


Started GET "/movies/3" for 10.0.2.2 at 2015-10-19 22:26:18 +0000
Processing by MoviesController#show as HTML
  Parameters: {"id"=>"3"}
  [1m[35mMovie Load (3.6ms)[0m  SELECT "movies".* FROM "movies" WHERE "movies"."id" = ? LIMIT 1  [["id", "3"]]
DEPRECATION WARNING: :confirm option is deprecated and will be removed from Rails 4.1. Use 'data: { confirm: 'Text' }' instead. (called from _app_views_movies_show_html_erb__915334351_88803360 at /vagrant/rotten_mangoes/app/views/movies/show.html.erb:4)
  [1m[36mUser Load (3.8ms)[0m  [1mSELECT "users".* FROM "users" WHERE "users"."id" = ? LIMIT 1[0m  [["id", 1]]
  [1m[35mReview Load (1.9ms)[0m  SELECT "reviews".* FROM "reviews" WHERE "reviews"."movie_id" = ?  [["movie_id", 3]]
  Rendered movies/show.html.erb within layouts/application (78.2ms)
  Rendered layouts/_footer.html.erb (1.0ms)
Completed 200 OK in 430ms (Views: 415.3ms | ActiveRecord: 9.5ms)


Started DELETE "/movies/3" for 10.0.2.2 at 2015-10-19 22:26:23 +0000
Processing by MoviesController#destroy as HTML
  Parameters: {"authenticity_token"=>"YPPEPGEDDq3ZKCIuv4yZVNLFLQ3IaiE8w7MkSaQbapE=", "id"=>"3"}
  [1m[36mMovie Load (3.3ms)[0m  [1mSELECT "movies".* FROM "movies" WHERE "movies"."id" = ? LIMIT 1[0m  [["id", "3"]]
  [1m[35m (0.2ms)[0m  begin transaction
  [1m[36mSQL (5.6ms)[0m  [1mDELETE FROM "movies" WHERE "movies"."id" = ?[0m  [["id", 3]]
  [1m[35m (9.1ms)[0m  commit transaction
Redirected to http://localhost:3000/movies/3
Completed 302 Found in 30ms (ActiveRecord: 18.2ms)


Started GET "/movies/3" for 10.0.2.2 at 2015-10-19 22:26:23 +0000
Processing by MoviesController#show as HTML
  Parameters: {"id"=>"3"}
  [1m[36mMovie Load (1.4ms)[0m  [1mSELECT "movies".* FROM "movies" WHERE "movies"."id" = ? LIMIT 1[0m  [["id", "3"]]
Completed 404 Not Found in 4ms

ActiveRecord::RecordNotFound (Couldn't find Movie with id=3):
  app/controllers/movies_controller.rb:7:in `show'


  Rendered /usr/local/rvm/gems/ruby-2.1.3/gems/actionpack-4.0.0/lib/action_dispatch/middleware/templates/rescues/_source.erb (1.4ms)
  Rendered /usr/local/rvm/gems/ruby-2.1.3/gems/actionpack-4.0.0/lib/action_dispatch/middleware/templates/rescues/_trace.erb (3.8ms)
  Rendered /usr/local/rvm/gems/ruby-2.1.3/gems/actionpack-4.0.0/lib/action_dispatch/middleware/templates/rescues/_request_and_response.erb (1.6ms)
  Rendered /usr/local/rvm/gems/ruby-2.1.3/gems/actionpack-4.0.0/lib/action_dispatch/middleware/templates/rescues/diagnostics.erb within rescues/layout (29.7ms)


Started GET "/movies/" for 10.0.2.2 at 2015-10-19 22:29:36 +0000
Processing by MoviesController#index as HTML
  [1m[35mMovie Load (3.3ms)[0m  SELECT "movies".* FROM "movies"
  Rendered movies/index.html.erb within layouts/application (6.5ms)
  [1m[36mUser Load (2.3ms)[0m  [1mSELECT "users".* FROM "users" WHERE "users"."id" = ? LIMIT 1[0m  [["id", 1]]
  Rendered layouts/_footer.html.erb (5.0ms)
Completed 200 OK in 257ms (Views: 250.7ms | ActiveRecord: 5.6ms)


Started GET "/assets/jquery.js?body=1" for 10.0.2.2 at 2015-10-19 22:29:36 +0000


Started GET "/assets/sessions.css?body=1" for 10.0.2.2 at 2015-10-19 22:29:37 +0000


Started GET "/assets/users.css?body=1" for 10.0.2.2 at 2015-10-19 22:29:37 +0000


Started GET "/assets/reviews.css?body=1" for 10.0.2.2 at 2015-10-19 22:29:37 +0000


Started GET "/assets/application.css?body=1" for 10.0.2.2 at 2015-10-19 22:29:37 +0000


Started GET "/assets/movies.css?body=1" for 10.0.2.2 at 2015-10-19 22:29:37 +0000


Started GET "/assets/jquery_ujs.js?body=1" for 10.0.2.2 at 2015-10-19 22:29:37 +0000


Started GET "/assets/turbolinks.js?body=1" for 10.0.2.2 at 2015-10-19 22:29:37 +0000


Started GET "/assets/reviews.js?body=1" for 10.0.2.2 at 2015-10-19 22:29:37 +0000


Started GET "/assets/sessions.js?body=1" for 10.0.2.2 at 2015-10-19 22:29:37 +0000


Started GET "/assets/users.js?body=1" for 10.0.2.2 at 2015-10-19 22:29:37 +0000


Started GET "/assets/application.js?body=1" for 10.0.2.2 at 2015-10-19 22:29:38 +0000


Started GET "/assets/movies.js?body=1" for 10.0.2.2 at 2015-10-19 22:29:38 +0000


Started GET "/assets/reviews.js?body=1" for 10.0.2.2 at 2015-10-19 22:29:38 +0000


Started GET "/assets/sessions.js?body=1" for 10.0.2.2 at 2015-10-19 22:29:38 +0000


Started GET "/assets/users.js?body=1" for 10.0.2.2 at 2015-10-19 22:29:38 +0000


Started GET "/assets/application.js?body=1" for 10.0.2.2 at 2015-10-19 22:29:38 +0000


Started GET "/movies/2" for 10.0.2.2 at 2015-10-19 22:30:09 +0000
Processing by MoviesController#show as HTML
  Parameters: {"id"=>"2"}
  [1m[35mMovie Load (3.6ms)[0m  SELECT "movies".* FROM "movies" WHERE "movies"."id" = ? LIMIT 1  [["id", "2"]]
DEPRECATION WARNING: :confirm option is deprecated and will be removed from Rails 4.1. Use 'data: { confirm: 'Text' }' instead. (called from _app_views_movies_show_html_erb__915334351_88803360 at /vagrant/rotten_mangoes/app/views/movies/show.html.erb:4)
  [1m[36mUser Load (4.4ms)[0m  [1mSELECT "users".* FROM "users" WHERE "users"."id" = ? LIMIT 1[0m  [["id", 1]]
  [1m[35mReview Load (2.8ms)[0m  SELECT "reviews".* FROM "reviews" WHERE "reviews"."movie_id" = ?  [["movie_id", 2]]
  Rendered movies/show.html.erb within layouts/application (158.7ms)
  Rendered layouts/_footer.html.erb (0.6ms)
Completed 200 OK in 536ms (Views: 411.8ms | ActiveRecord: 33.0ms)


Started GET "/movies/2/edit" for 10.0.2.2 at 2015-10-19 22:30:12 +0000
Processing by MoviesController#edit as HTML
  Parameters: {"id"=>"2"}
  [1m[36mMovie Load (3.6ms)[0m  [1mSELECT "movies".* FROM "movies" WHERE "movies"."id" = ? LIMIT 1[0m  [["id", "2"]]
  Rendered movies/_form.html.erb (8.5ms)
  Rendered movies/edit.html.erb within layouts/application (60.1ms)
  [1m[35mUser Load (2.1ms)[0m  SELECT "users".* FROM "users" WHERE "users"."id" = ? LIMIT 1  [["id", 1]]
  Rendered layouts/_footer.html.erb (4.3ms)
Completed 200 OK in 362ms (Views: 352.2ms | ActiveRecord: 5.8ms)


Started GET "/movies/2/reviews/new" for 10.0.2.2 at 2015-10-19 22:30:16 +0000
Processing by ReviewsController#new as HTML
  Parameters: {"movie_id"=>"2"}
  [1m[36mUser Load (3.4ms)[0m  [1mSELECT "users".* FROM "users" WHERE "users"."id" = ? LIMIT 1[0m  [["id", 1]]
Completed 500 Internal Server Error in 8ms

NoMethodError (undefined method `reviews' for nil:NilClass):
  app/controllers/reviews_controller.rb:6:in `new'


  Rendered /usr/local/rvm/gems/ruby-2.1.3/gems/actionpack-4.0.0/lib/action_dispatch/middleware/templates/rescues/_source.erb (1.4ms)
  Rendered /usr/local/rvm/gems/ruby-2.1.3/gems/actionpack-4.0.0/lib/action_dispatch/middleware/templates/rescues/_trace.erb (3.1ms)
  Rendered /usr/local/rvm/gems/ruby-2.1.3/gems/actionpack-4.0.0/lib/action_dispatch/middleware/templates/rescues/_request_and_response.erb (2.4ms)
  Rendered /usr/local/rvm/gems/ruby-2.1.3/gems/actionpack-4.0.0/lib/action_dispatch/middleware/templates/rescues/diagnostics.erb within rescues/layout (35.1ms)


Started GET "/movies/2/reviews/new" for 10.0.2.2 at 2015-10-19 22:30:16 +0000
Processing by ReviewsController#new as HTML
  Parameters: {"movie_id"=>"2"}
  [1m[35mUser Load (2.0ms)[0m  SELECT "users".* FROM "users" WHERE "users"."id" = ? LIMIT 1  [["id", 1]]
Completed 500 Internal Server Error in 7ms

NoMethodError (undefined method `reviews' for nil:NilClass):
  app/controllers/reviews_controller.rb:6:in `new'


  Rendered /usr/local/rvm/gems/ruby-2.1.3/gems/actionpack-4.0.0/lib/action_dispatch/middleware/templates/rescues/_source.erb (7.8ms)
  Rendered /usr/local/rvm/gems/ruby-2.1.3/gems/actionpack-4.0.0/lib/action_dispatch/middleware/templates/rescues/_trace.erb (3.6ms)
  Rendered /usr/local/rvm/gems/ruby-2.1.3/gems/actionpack-4.0.0/lib/action_dispatch/middleware/templates/rescues/_request_and_response.erb (2.1ms)
  Rendered /usr/local/rvm/gems/ruby-2.1.3/gems/actionpack-4.0.0/lib/action_dispatch/middleware/templates/rescues/diagnostics.erb within rescues/layout (48.9ms)


Started GET "/movies/2/edit" for 10.0.2.2 at 2015-10-19 22:31:53 +0000
Processing by MoviesController#edit as HTML
  Parameters: {"id"=>"2"}
  [1m[36mMovie Load (2.4ms)[0m  [1mSELECT "movies".* FROM "movies" WHERE "movies"."id" = ? LIMIT 1[0m  [["id", "2"]]
  Rendered movies/_form.html.erb (7.3ms)
  Rendered movies/edit.html.erb within layouts/application (61.1ms)
  [1m[35mUser Load (2.7ms)[0m  SELECT "users".* FROM "users" WHERE "users"."id" = ? LIMIT 1  [["id", 1]]
  Rendered layouts/_footer.html.erb (76.1ms)
Completed 200 OK in 483ms (Views: 395.4ms | ActiveRecord: 18.2ms)


Started GET "/movies/2/reviews/new" for 10.0.2.2 at 2015-10-19 22:31:59 +0000
Processing by ReviewsController#new as HTML
  Parameters: {"movie_id"=>"2"}
  [1m[36mUser Load (2.9ms)[0m  [1mSELECT "users".* FROM "users" WHERE "users"."id" = ? LIMIT 1[0m  [["id", 1]]
  [1m[35mMovie Load (2.3ms)[0m  SELECT "movies".* FROM "movies" WHERE "movies"."id" = ? LIMIT 1  [["id", "2"]]
  Rendered reviews/new.html.erb within layouts/application (15.7ms)
  Rendered layouts/_footer.html.erb (0.4ms)
Completed 200 OK in 429ms (Views: 323.5ms | ActiveRecord: 8.8ms)


Started POST "/movies/2/reviews" for 10.0.2.2 at 2015-10-19 22:32:12 +0000
Processing by ReviewsController#create as HTML
  Parameters: {"utf8"=>"✓", "authenticity_token"=>"YPPEPGEDDq3ZKCIuv4yZVNLFLQ3IaiE8w7MkSaQbapE=", "review"=>{"text"=>"Was great", "rating_out_of_ten"=>"9"}, "commit"=>"Submit", "movie_id"=>"2"}
  [1m[36mUser Load (2.4ms)[0m  [1mSELECT "users".* FROM "users" WHERE "users"."id" = ? LIMIT 1[0m  [["id", 1]]
  [1m[35mMovie Load (2.2ms)[0m  SELECT "movies".* FROM "movies" WHERE "movies"."id" = ? LIMIT 1  [["id", "2"]]
  [1m[36m (0.4ms)[0m  [1mbegin transaction[0m
  [1m[35mUser Load (2.4ms)[0m  SELECT "users".* FROM "users" WHERE "users"."id" = ? ORDER BY "users"."id" ASC LIMIT 1  [["id", 1]]
  [1m[36mMovie Load (0.2ms)[0m  [1mSELECT "movies".* FROM "movies" WHERE "movies"."id" = ? ORDER BY "movies"."id" ASC LIMIT 1[0m  [["id", 2]]
  [1m[35mSQL (5.3ms)[0m  INSERT INTO "reviews" ("created_at", "movie_id", "rating_out_of_ten", "text", "updated_at", "user_id") VALUES (?, ?, ?, ?, ?, ?)  [["created_at", Mon, 19 Oct 2015 22:32:12 UTC +00:00], ["movie_id", 2], ["rating_out_of_ten", 9], ["text", "Was great"], ["updated_at", Mon, 19 Oct 2015 22:32:12 UTC +00:00], ["user_id", 1]]
  [1m[36m (17.0ms)[0m  [1mcommit transaction[0m
Redirected to http://localhost:3000/movies/2
Completed 302 Found in 125ms (ActiveRecord: 29.9ms)


Started GET "/movies/2" for 10.0.2.2 at 2015-10-19 22:32:13 +0000
Processing by MoviesController#show as HTML
  Parameters: {"id"=>"2"}
  [1m[35mMovie Load (2.7ms)[0m  SELECT "movies".* FROM "movies" WHERE "movies"."id" = ? LIMIT 1  [["id", "2"]]
DEPRECATION WARNING: :confirm option is deprecated and will be removed from Rails 4.1. Use 'data: { confirm: 'Text' }' instead. (called from _app_views_movies_show_html_erb__915334351_86216480 at /vagrant/rotten_mangoes/app/views/movies/show.html.erb:4)
  [1m[36mUser Load (2.4ms)[0m  [1mSELECT "users".* FROM "users" WHERE "users"."id" = ? LIMIT 1[0m  [["id", 1]]
  [1m[35mReview Load (2.3ms)[0m  SELECT "reviews".* FROM "reviews" WHERE "reviews"."movie_id" = ?  [["movie_id", 2]]
  [1m[36mUser Load (2.9ms)[0m  [1mSELECT "users".* FROM "users" WHERE "users"."id" = ? ORDER BY "users"."id" ASC LIMIT 1[0m  [["id", 1]]
  Rendered movies/show.html.erb within layouts/application (21.6ms)
  Rendered layouts/_footer.html.erb (0.4ms)
Completed 200 OK in 270ms (Views: 256.7ms | ActiveRecord: 10.2ms)


Started GET "/assets/application.css?body=1" for 10.0.2.2 at 2015-10-19 22:32:13 +0000


Started GET "/assets/movies.css?body=1" for 10.0.2.2 at 2015-10-19 22:32:13 +0000


Started GET "/assets/jquery.js?body=1" for 10.0.2.2 at 2015-10-19 22:32:13 +0000


Started GET "/assets/users.css?body=1" for 10.0.2.2 at 2015-10-19 22:32:13 +0000


Started GET "/assets/sessions.css?body=1" for 10.0.2.2 at 2015-10-19 22:32:14 +0000


Started GET "/assets/reviews.css?body=1" for 10.0.2.2 at 2015-10-19 22:32:14 +0000


Started GET "/assets/jquery_ujs.js?body=1" for 10.0.2.2 at 2015-10-19 22:32:14 +0000


Started GET "/assets/turbolinks.js?body=1" for 10.0.2.2 at 2015-10-19 22:32:14 +0000


Started GET "/assets/movies.js?body=1" for 10.0.2.2 at 2015-10-19 22:32:14 +0000


Started GET "/assets/reviews.js?body=1" for 10.0.2.2 at 2015-10-19 22:32:14 +0000


Started GET "/assets/sessions.js?body=1" for 10.0.2.2 at 2015-10-19 22:32:14 +0000


Started GET "/assets/users.js?body=1" for 10.0.2.2 at 2015-10-19 22:32:14 +0000


Started GET "/assets/application.js?body=1" for 10.0.2.2 at 2015-10-19 22:32:15 +0000


Started DELETE "/movies/2" for 10.0.2.2 at 2015-10-19 22:32:23 +0000
Processing by MoviesController#destroy as HTML
  Parameters: {"authenticity_token"=>"YPPEPGEDDq3ZKCIuv4yZVNLFLQ3IaiE8w7MkSaQbapE=", "id"=>"2"}
  [1m[35mMovie Load (1.0ms)[0m  SELECT "movies".* FROM "movies" WHERE "movies"."id" = ? LIMIT 1  [["id", "2"]]
  [1m[36m (0.9ms)[0m  [1mbegin transaction[0m
  [1m[35mSQL (4.7ms)[0m  DELETE FROM "movies" WHERE "movies"."id" = ?  [["id", 2]]
  [1m[36m (5.6ms)[0m  [1mcommit transaction[0m
Redirected to http://localhost:3000/movies
Completed 302 Found in 28ms (ActiveRecord: 12.0ms)


Started GET "/movies" for 10.0.2.2 at 2015-10-19 22:32:23 +0000
Processing by MoviesController#index as HTML
  [1m[35mMovie Load (3.1ms)[0m  SELECT "movies".* FROM "movies"
  Rendered movies/index.html.erb within layouts/application (5.1ms)
  [1m[36mUser Load (2.6ms)[0m  [1mSELECT "users".* FROM "users" WHERE "users"."id" = ? LIMIT 1[0m  [["id", 1]]
  Rendered layouts/_footer.html.erb (5.4ms)
Completed 200 OK in 251ms (Views: 244.3ms | ActiveRecord: 5.7ms)


Started GET "/assets/application.css?body=1" for 10.0.2.2 at 2015-10-19 22:32:23 +0000


Started GET "/assets/movies.css?body=1" for 10.0.2.2 at 2015-10-19 22:32:24 +0000


Started GET "/assets/jquery.js?body=1" for 10.0.2.2 at 2015-10-19 22:32:24 +0000


Started GET "/assets/reviews.css?body=1" for 10.0.2.2 at 2015-10-19 22:32:24 +0000


Started GET "/assets/sessions.css?body=1" for 10.0.2.2 at 2015-10-19 22:32:24 +0000


Started GET "/assets/users.css?body=1" for 10.0.2.2 at 2015-10-19 22:32:24 +0000


Started GET "/assets/jquery_ujs.js?body=1" for 10.0.2.2 at 2015-10-19 22:32:24 +0000


Started GET "/assets/turbolinks.js?body=1" for 10.0.2.2 at 2015-10-19 22:32:24 +0000


Started GET "/assets/movies.js?body=1" for 10.0.2.2 at 2015-10-19 22:32:24 +0000


Started GET "/assets/reviews.js?body=1" for 10.0.2.2 at 2015-10-19 22:32:25 +0000


Started GET "/assets/sessions.js?body=1" for 10.0.2.2 at 2015-10-19 22:32:25 +0000


Started GET "/assets/users.js?body=1" for 10.0.2.2 at 2015-10-19 22:32:25 +0000


Started GET "/assets/application.js?body=1" for 10.0.2.2 at 2015-10-19 22:32:25 +0000
  [1m[36mActiveRecord::SchemaMigration Load (3.6ms)[0m  [1mSELECT "schema_migrations".* FROM "schema_migrations"[0m
Migrating to AddImageToMovie (20151020160254)
  [1m[35m (0.1ms)[0m  begin transaction
  [1m[36m (6.9ms)[0m  [1mALTER TABLE "movies" ADD "image" varchar(255)[0m
  [1m[35mSQL (1.9ms)[0m  INSERT INTO "schema_migrations" ("version") VALUES (?)  [["version", "20151020160254"]]
  [1m[36m (4.7ms)[0m  [1mcommit transaction[0m
  [1m[35mActiveRecord::SchemaMigration Load (2.6ms)[0m  SELECT "schema_migrations".* FROM "schema_migrations"


Started GET "/movies/" for 10.0.2.2 at 2015-10-20 17:12:29 +0000
  [1m[36mActiveRecord::SchemaMigration Load (2.6ms)[0m  [1mSELECT "schema_migrations".* FROM "schema_migrations"[0m
Processing by MoviesController#index as HTML
Completed 500 Internal Server Error in 122ms

SyntaxError (/vagrant/rotten_mangoes/app/uploaders/image_uploader.rb:35: syntax error, unexpected tSYMBEG, expecting keyword_do or '{' or '('
  version :thumb do
           ^
/vagrant/rotten_mangoes/app/uploaders/image_uploader.rb:51: syntax error, unexpected keyword_end, expecting end-of-input):
  app/models/movie.rb:28:in `<class:Movie>'
  app/models/movie.rb:1:in `<top (required)>'
  app/controllers/movies_controller.rb:3:in `index'


  Rendered /usr/local/rvm/gems/ruby-2.1.3/gems/actionpack-4.0.0/lib/action_dispatch/middleware/templates/rescues/_source.erb (1.2ms)
  Rendered /usr/local/rvm/gems/ruby-2.1.3/gems/actionpack-4.0.0/lib/action_dispatch/middleware/templates/rescues/_trace.erb (2.5ms)
  Rendered /usr/local/rvm/gems/ruby-2.1.3/gems/actionpack-4.0.0/lib/action_dispatch/middleware/templates/rescues/_request_and_response.erb (1.7ms)
  Rendered /usr/local/rvm/gems/ruby-2.1.3/gems/actionpack-4.0.0/lib/action_dispatch/middleware/templates/rescues/diagnostics.erb within rescues/layout (38.4ms)


Started GET "/movies/" for 10.0.2.2 at 2015-10-20 17:17:31 +0000
Processing by MoviesController#index as HTML
Completed 500 Internal Server Error in 59ms

SyntaxError (/vagrant/rotten_mangoes/app/uploaders/image_uploader.rb:35: syntax error, unexpected tSYMBEG, expecting keyword_do or '{' or '('
  version :thumb do
           ^
/vagrant/rotten_mangoes/app/uploaders/image_uploader.rb:51: syntax error, unexpected keyword_end, expecting end-of-input):
  app/models/movie.rb:28:in `<class:Movie>'
  app/models/movie.rb:1:in `<top (required)>'
  app/controllers/movies_controller.rb:3:in `index'


  Rendered /usr/local/rvm/gems/ruby-2.1.3/gems/actionpack-4.0.0/lib/action_dispatch/middleware/templates/rescues/_source.erb (1.0ms)
  Rendered /usr/local/rvm/gems/ruby-2.1.3/gems/actionpack-4.0.0/lib/action_dispatch/middleware/templates/rescues/_trace.erb (5.2ms)
  Rendered /usr/local/rvm/gems/ruby-2.1.3/gems/actionpack-4.0.0/lib/action_dispatch/middleware/templates/rescues/_request_and_response.erb (1.8ms)
  Rendered /usr/local/rvm/gems/ruby-2.1.3/gems/actionpack-4.0.0/lib/action_dispatch/middleware/templates/rescues/diagnostics.erb within rescues/layout (30.8ms)


Started GET "/movies/" for 10.0.2.2 at 2015-10-20 17:26:16 +0000
Processing by MoviesController#index as HTML
Completed 500 Internal Server Error in 60ms

SyntaxError (/vagrant/rotten_mangoes/app/uploaders/image_uploader.rb:35: syntax error, unexpected tSYMBEG, expecting keyword_do or '{' or '('
  version :thumb do
           ^
/vagrant/rotten_mangoes/app/uploaders/image_uploader.rb:51: syntax error, unexpected keyword_end, expecting end-of-input):
  app/models/movie.rb:29:in `<class:Movie>'
  app/models/movie.rb:1:in `<top (required)>'
  app/controllers/movies_controller.rb:3:in `index'


  Rendered /usr/local/rvm/gems/ruby-2.1.3/gems/actionpack-4.0.0/lib/action_dispatch/middleware/templates/rescues/_source.erb (1.1ms)
  Rendered /usr/local/rvm/gems/ruby-2.1.3/gems/actionpack-4.0.0/lib/action_dispatch/middleware/templates/rescues/_trace.erb (4.2ms)
  Rendered /usr/local/rvm/gems/ruby-2.1.3/gems/actionpack-4.0.0/lib/action_dispatch/middleware/templates/rescues/_request_and_response.erb (2.4ms)
  Rendered /usr/local/rvm/gems/ruby-2.1.3/gems/actionpack-4.0.0/lib/action_dispatch/middleware/templates/rescues/diagnostics.erb within rescues/layout (30.5ms)


Started GET "/movies/" for 10.0.2.2 at 2015-10-20 17:26:20 +0000
Processing by MoviesController#index as HTML
Completed 500 Internal Server Error in 63ms

SyntaxError (/vagrant/rotten_mangoes/app/uploaders/image_uploader.rb:35: syntax error, unexpected tSYMBEG, expecting keyword_do or '{' or '('
  version :thumb do
           ^
/vagrant/rotten_mangoes/app/uploaders/image_uploader.rb:51: syntax error, unexpected keyword_end, expecting end-of-input):
  app/models/movie.rb:29:in `<class:Movie>'
  app/models/movie.rb:1:in `<top (required)>'
  app/controllers/movies_controller.rb:3:in `index'


  Rendered /usr/local/rvm/gems/ruby-2.1.3/gems/actionpack-4.0.0/lib/action_dispatch/middleware/templates/rescues/_source.erb (1.6ms)
  Rendered /usr/local/rvm/gems/ruby-2.1.3/gems/actionpack-4.0.0/lib/action_dispatch/middleware/templates/rescues/_trace.erb (1.4ms)
  Rendered /usr/local/rvm/gems/ruby-2.1.3/gems/actionpack-4.0.0/lib/action_dispatch/middleware/templates/rescues/_request_and_response.erb (2.1ms)
  Rendered /usr/local/rvm/gems/ruby-2.1.3/gems/actionpack-4.0.0/lib/action_dispatch/middleware/templates/rescues/diagnostics.erb within rescues/layout (30.8ms)


Started GET "/movies/" for 10.0.2.2 at 2015-10-20 17:34:40 +0000
Processing by MoviesController#index as HTML
Completed 500 Internal Server Error in 57ms

SyntaxError (/vagrant/rotten_mangoes/app/uploaders/image_uploader.rb:35: syntax error, unexpected tSYMBEG, expecting keyword_do or '{' or '('
  version :thumb do
           ^
/vagrant/rotten_mangoes/app/uploaders/image_uploader.rb:51: syntax error, unexpected keyword_end, expecting end-of-input):
  app/models/movie.rb:29:in `<class:Movie>'
  app/models/movie.rb:1:in `<top (required)>'
  app/controllers/movies_controller.rb:3:in `index'


  Rendered /usr/local/rvm/gems/ruby-2.1.3/gems/actionpack-4.0.0/lib/action_dispatch/middleware/templates/rescues/_source.erb (0.8ms)
  Rendered /usr/local/rvm/gems/ruby-2.1.3/gems/actionpack-4.0.0/lib/action_dispatch/middleware/templates/rescues/_trace.erb (2.1ms)
  Rendered /usr/local/rvm/gems/ruby-2.1.3/gems/actionpack-4.0.0/lib/action_dispatch/middleware/templates/rescues/_request_and_response.erb (2.2ms)
  Rendered /usr/local/rvm/gems/ruby-2.1.3/gems/actionpack-4.0.0/lib/action_dispatch/middleware/templates/rescues/diagnostics.erb within rescues/layout (27.7ms)


Started GET "/movies/" for 10.0.2.2 at 2015-10-20 17:35:43 +0000
Processing by MoviesController#index as HTML
Completed 500 Internal Server Error in 56ms

SyntaxError (/vagrant/rotten_mangoes/app/uploaders/image_uploader.rb:35: syntax error, unexpected tSYMBEG, expecting keyword_do or '{' or '('
  version :thumb do
           ^
/vagrant/rotten_mangoes/app/uploaders/image_uploader.rb:51: syntax error, unexpected keyword_end, expecting end-of-input):
  app/models/movie.rb:29:in `<class:Movie>'
  app/models/movie.rb:1:in `<top (required)>'
  app/controllers/movies_controller.rb:3:in `index'


  Rendered /usr/local/rvm/gems/ruby-2.1.3/gems/actionpack-4.0.0/lib/action_dispatch/middleware/templates/rescues/_source.erb (1.8ms)
  Rendered /usr/local/rvm/gems/ruby-2.1.3/gems/actionpack-4.0.0/lib/action_dispatch/middleware/templates/rescues/_trace.erb (2.8ms)
  Rendered /usr/local/rvm/gems/ruby-2.1.3/gems/actionpack-4.0.0/lib/action_dispatch/middleware/templates/rescues/_request_and_response.erb (2.3ms)
  Rendered /usr/local/rvm/gems/ruby-2.1.3/gems/actionpack-4.0.0/lib/action_dispatch/middleware/templates/rescues/diagnostics.erb within rescues/layout (30.8ms)


Started GET "/movies/" for 10.0.2.2 at 2015-10-20 17:35:45 +0000
Processing by MoviesController#index as HTML
Completed 500 Internal Server Error in 64ms

SyntaxError (/vagrant/rotten_mangoes/app/uploaders/image_uploader.rb:35: syntax error, unexpected tSYMBEG, expecting keyword_do or '{' or '('
  version :thumb do
           ^
/vagrant/rotten_mangoes/app/uploaders/image_uploader.rb:51: syntax error, unexpected keyword_end, expecting end-of-input):
  app/models/movie.rb:29:in `<class:Movie>'
  app/models/movie.rb:1:in `<top (required)>'
  app/controllers/movies_controller.rb:3:in `index'


  Rendered /usr/local/rvm/gems/ruby-2.1.3/gems/actionpack-4.0.0/lib/action_dispatch/middleware/templates/rescues/_source.erb (1.0ms)
  Rendered /usr/local/rvm/gems/ruby-2.1.3/gems/actionpack-4.0.0/lib/action_dispatch/middleware/templates/rescues/_trace.erb (2.8ms)
  Rendered /usr/local/rvm/gems/ruby-2.1.3/gems/actionpack-4.0.0/lib/action_dispatch/middleware/templates/rescues/_request_and_response.erb (2.0ms)
  Rendered /usr/local/rvm/gems/ruby-2.1.3/gems/actionpack-4.0.0/lib/action_dispatch/middleware/templates/rescues/diagnostics.erb within rescues/layout (31.6ms)


Started GET "/movies/" for 10.0.2.2 at 2015-10-20 17:36:26 +0000
Processing by MoviesController#index as HTML
Completed 500 Internal Server Error in 35ms

NoMethodError (undefined method `validate_integrity' for :ImageUploader:Symbol):
  app/models/movie.rb:28:in `<class:Movie>'
  app/models/movie.rb:1:in `<top (required)>'
  app/controllers/movies_controller.rb:3:in `index'


  Rendered /usr/local/rvm/gems/ruby-2.1.3/gems/actionpack-4.0.0/lib/action_dispatch/middleware/templates/rescues/_source.erb (1.7ms)
  Rendered /usr/local/rvm/gems/ruby-2.1.3/gems/actionpack-4.0.0/lib/action_dispatch/middleware/templates/rescues/_trace.erb (2.2ms)
  Rendered /usr/local/rvm/gems/ruby-2.1.3/gems/actionpack-4.0.0/lib/action_dispatch/middleware/templates/rescues/_request_and_response.erb (1.1ms)
  Rendered /usr/local/rvm/gems/ruby-2.1.3/gems/actionpack-4.0.0/lib/action_dispatch/middleware/templates/rescues/diagnostics.erb within rescues/layout (28.9ms)


Started GET "/movies/" for 10.0.2.2 at 2015-10-20 17:37:09 +0000
Processing by MoviesController#index as HTML
Completed 500 Internal Server Error in 58ms

SyntaxError (/vagrant/rotten_mangoes/app/uploaders/image_uploader.rb:35: syntax error, unexpected tSYMBEG, expecting keyword_do or '{' or '('
  version :thumb do
           ^
/vagrant/rotten_mangoes/app/uploaders/image_uploader.rb:51: syntax error, unexpected keyword_end, expecting end-of-input):
  app/models/movie.rb:28:in `<class:Movie>'
  app/models/movie.rb:1:in `<top (required)>'
  app/controllers/movies_controller.rb:3:in `index'


  Rendered /usr/local/rvm/gems/ruby-2.1.3/gems/actionpack-4.0.0/lib/action_dispatch/middleware/templates/rescues/_source.erb (1.0ms)
  Rendered /usr/local/rvm/gems/ruby-2.1.3/gems/actionpack-4.0.0/lib/action_dispatch/middleware/templates/rescues/_trace.erb (2.5ms)
  Rendered /usr/local/rvm/gems/ruby-2.1.3/gems/actionpack-4.0.0/lib/action_dispatch/middleware/templates/rescues/_request_and_response.erb (2.0ms)
  Rendered /usr/local/rvm/gems/ruby-2.1.3/gems/actionpack-4.0.0/lib/action_dispatch/middleware/templates/rescues/diagnostics.erb within rescues/layout (27.0ms)


Started GET "/movies/" for 10.0.2.2 at 2015-10-20 17:43:30 +0000
Processing by MoviesController#index as HTML
Completed 500 Internal Server Error in 56ms

SyntaxError (/vagrant/rotten_mangoes/app/uploaders/image_uploader.rb:35: syntax error, unexpected tSYMBEG, expecting keyword_do or '{' or '('
  version :thumb do
           ^
/vagrant/rotten_mangoes/app/uploaders/image_uploader.rb:51: syntax error, unexpected keyword_end, expecting end-of-input):
  app/models/movie.rb:38:in `<class:Movie>'
  app/models/movie.rb:1:in `<top (required)>'
  app/controllers/movies_controller.rb:3:in `index'


  Rendered /usr/local/rvm/gems/ruby-2.1.3/gems/actionpack-4.0.0/lib/action_dispatch/middleware/templates/rescues/_source.erb (0.1ms)
  Rendered /usr/local/rvm/gems/ruby-2.1.3/gems/actionpack-4.0.0/lib/action_dispatch/middleware/templates/rescues/_trace.erb (3.0ms)
  Rendered /usr/local/rvm/gems/ruby-2.1.3/gems/actionpack-4.0.0/lib/action_dispatch/middleware/templates/rescues/_request_and_response.erb (1.4ms)
  Rendered /usr/local/rvm/gems/ruby-2.1.3/gems/actionpack-4.0.0/lib/action_dispatch/middleware/templates/rescues/diagnostics.erb within rescues/layout (25.3ms)


Started GET "/movies/" for 10.0.2.2 at 2015-10-20 17:45:38 +0000
Processing by MoviesController#index as HTML
  [1m[35mMovie Load (5.0ms)[0m  SELECT "movies".* FROM "movies"
  Rendered movies/index.html.erb within layouts/application (7.8ms)
  [1m[36mUser Load (13.1ms)[0m  [1mSELECT "users".* FROM "users" WHERE "users"."id" = ? LIMIT 1[0m  [["id", 1]]
  Rendered layouts/_footer.html.erb (118.3ms)
Completed 200 OK in 775ms (Views: 685.4ms | ActiveRecord: 21.1ms)


Started GET "/assets/application.css?body=1" for 10.0.2.2 at 2015-10-20 17:45:39 +0000


Started GET "/assets/movies.css?body=1" for 10.0.2.2 at 2015-10-20 17:45:40 +0000


Started GET "/assets/reviews.css?body=1" for 10.0.2.2 at 2015-10-20 17:45:40 +0000


Started GET "/assets/sessions.css?body=1" for 10.0.2.2 at 2015-10-20 17:45:40 +0000


Started GET "/assets/jquery.js?body=1" for 10.0.2.2 at 2015-10-20 17:45:40 +0000


Started GET "/assets/users.css?body=1" for 10.0.2.2 at 2015-10-20 17:45:40 +0000


Started GET "/assets/jquery_ujs.js?body=1" for 10.0.2.2 at 2015-10-20 17:45:40 +0000


Started GET "/assets/turbolinks.js?body=1" for 10.0.2.2 at 2015-10-20 17:45:40 +0000


Started GET "/assets/movies.js?body=1" for 10.0.2.2 at 2015-10-20 17:45:41 +0000


Started GET "/assets/reviews.js?body=1" for 10.0.2.2 at 2015-10-20 17:45:41 +0000


Started GET "/assets/sessions.js?body=1" for 10.0.2.2 at 2015-10-20 17:45:41 +0000


Started GET "/assets/users.js?body=1" for 10.0.2.2 at 2015-10-20 17:45:41 +0000


Started GET "/assets/application.js?body=1" for 10.0.2.2 at 2015-10-20 17:45:41 +0000


Started GET "/movies/new" for 10.0.2.2 at 2015-10-20 17:45:44 +0000
Processing by MoviesController#new as HTML
  Rendered movies/_form.html.erb (154.7ms)
  Rendered movies/new.html.erb within layouts/application (205.0ms)
  [1m[35mUser Load (2.0ms)[0m  SELECT "users".* FROM "users" WHERE "users"."id" = ? LIMIT 1  [["id", 1]]
  Rendered layouts/_footer.html.erb (5.0ms)
Completed 200 OK in 443ms (Views: 436.6ms | ActiveRecord: 4.5ms)


Started GET "/movies/" for 10.0.2.2 at 2015-10-20 17:48:40 +0000
  [1m[36mActiveRecord::SchemaMigration Load (2.5ms)[0m  [1mSELECT "schema_migrations".* FROM "schema_migrations"[0m
Processing by MoviesController#index as HTML
  [1m[35mMovie Load (2.5ms)[0m  SELECT "movies".* FROM "movies"
  Rendered movies/index.html.erb within layouts/application (16.0ms)
  [1m[36mUser Load (12.3ms)[0m  [1mSELECT "users".* FROM "users" WHERE "users"."id" = ? LIMIT 1[0m  [["id", 1]]
  Rendered layouts/_footer.html.erb (132.6ms)
Completed 200 OK in 997ms (Views: 843.8ms | ActiveRecord: 17.3ms)


Started GET "/assets/application.css?body=1" for 10.0.2.2 at 2015-10-20 17:48:42 +0000


Started GET "/assets/movies.css?body=1" for 10.0.2.2 at 2015-10-20 17:48:42 +0000


Started GET "/assets/reviews.css?body=1" for 10.0.2.2 at 2015-10-20 17:48:42 +0000


Started GET "/assets/sessions.css?body=1" for 10.0.2.2 at 2015-10-20 17:48:42 +0000


Started GET "/assets/users.css?body=1" for 10.0.2.2 at 2015-10-20 17:48:42 +0000


Started GET "/assets/jquery.js?body=1" for 10.0.2.2 at 2015-10-20 17:48:43 +0000


Started GET "/assets/jquery_ujs.js?body=1" for 10.0.2.2 at 2015-10-20 17:48:43 +0000


Started GET "/assets/turbolinks.js?body=1" for 10.0.2.2 at 2015-10-20 17:48:43 +0000


Started GET "/assets/movies.js?body=1" for 10.0.2.2 at 2015-10-20 17:48:43 +0000


Started GET "/assets/reviews.js?body=1" for 10.0.2.2 at 2015-10-20 17:48:43 +0000


Started GET "/assets/sessions.js?body=1" for 10.0.2.2 at 2015-10-20 17:48:43 +0000


Started GET "/assets/users.js?body=1" for 10.0.2.2 at 2015-10-20 17:48:43 +0000


Started GET "/assets/application.js?body=1" for 10.0.2.2 at 2015-10-20 17:48:43 +0000


Started GET "/movies/new" for 10.0.2.2 at 2015-10-20 17:48:45 +0000
Processing by MoviesController#new as HTML
  Rendered movies/_form.html.erb (152.7ms)
  Rendered movies/new.html.erb within layouts/application (200.1ms)
  [1m[35mUser Load (2.2ms)[0m  SELECT "users".* FROM "users" WHERE "users"."id" = ? LIMIT 1  [["id", 1]]
  Rendered layouts/_footer.html.erb (5.7ms)
Completed 200 OK in 461ms (Views: 454.6ms | ActiveRecord: 3.7ms)


Started POST "/movies" for 10.0.2.2 at 2015-10-20 17:51:57 +0000
Processing by MoviesController#create as HTML
  Parameters: {"utf8"=>"✓", "authenticity_token"=>"YPPEPGEDDq3ZKCIuv4yZVNLFLQ3IaiE8w7MkSaQbapE=", "movie"=>{"title"=>"The Dark Knight Rises", "release_date"=>"", "director"=>"Nolan", "runtime_in_minutes"=>"234", "image"=>#<ActionDispatch::Http::UploadedFile:0xbff476c @tempfile=#<Tempfile:/tmp/RackMultipart20151020-3958-1leayyc>, @original_filename="dark_knight.img", @content_type="application/octet-stream", @headers="Content-Disposition: form-data; name=\"movie[image]\"; filename=\"dark_knight.img\"\r\nContent-Type: application/octet-stream\r\n">, "description"=>"FIrst of the series"}, "commit"=>"Submit"}
  [1m[36m (0.2ms)[0m  [1mbegin transaction[0m
  [1m[35m (0.2ms)[0m  rollback transaction
  Rendered movies/_form.html.erb (14.0ms)
  Rendered movies/new.html.erb within layouts/application (53.0ms)
  [1m[36mUser Load (2.3ms)[0m  [1mSELECT "users".* FROM "users" WHERE "users"."id" = ? LIMIT 1[0m  [["id", 1]]
  Rendered layouts/_footer.html.erb (4.8ms)
Completed 200 OK in 577ms (Views: 264.0ms | ActiveRecord: 2.7ms)


Started GET "/assets/application.css?body=1" for 10.0.2.2 at 2015-10-20 17:51:57 +0000


Started GET "/assets/movies.css?body=1" for 10.0.2.2 at 2015-10-20 17:51:58 +0000


Started GET "/assets/reviews.css?body=1" for 10.0.2.2 at 2015-10-20 17:51:58 +0000


Started GET "/assets/users.css?body=1" for 10.0.2.2 at 2015-10-20 17:51:58 +0000


Started GET "/assets/sessions.css?body=1" for 10.0.2.2 at 2015-10-20 17:51:58 +0000


Started GET "/assets/jquery.js?body=1" for 10.0.2.2 at 2015-10-20 17:51:58 +0000


Started GET "/assets/jquery_ujs.js?body=1" for 10.0.2.2 at 2015-10-20 17:51:58 +0000


Started GET "/assets/turbolinks.js?body=1" for 10.0.2.2 at 2015-10-20 17:51:58 +0000


Started GET "/assets/movies.js?body=1" for 10.0.2.2 at 2015-10-20 17:51:58 +0000


Started GET "/assets/reviews.js?body=1" for 10.0.2.2 at 2015-10-20 17:51:58 +0000


Started GET "/assets/sessions.js?body=1" for 10.0.2.2 at 2015-10-20 17:51:58 +0000


Started GET "/assets/users.js?body=1" for 10.0.2.2 at 2015-10-20 17:51:58 +0000


Started GET "/assets/application.js?body=1" for 10.0.2.2 at 2015-10-20 17:51:59 +0000


Started POST "/movies" for 10.0.2.2 at 2015-10-20 17:52:41 +0000
Processing by MoviesController#create as HTML
  Parameters: {"utf8"=>"✓", "authenticity_token"=>"YPPEPGEDDq3ZKCIuv4yZVNLFLQ3IaiE8w7MkSaQbapE=", "movie"=>{"title"=>"The Dark Knight Rises", "release_date"=>"2016-11-12", "director"=>"Nolan", "runtime_in_minutes"=>"234", "image"=>#<ActionDispatch::Http::UploadedFile:0xc386920 @tempfile=#<Tempfile:/tmp/RackMultipart20151020-3958-1gdzrsm>, @original_filename="dark_knight.img", @content_type="application/octet-stream", @headers="Content-Disposition: form-data; name=\"movie[image]\"; filename=\"dark_knight.img\"\r\nContent-Type: application/octet-stream\r\n">, "description"=>"FIrst of the series"}, "commit"=>"Submit"}
  [1m[35m (0.3ms)[0m  begin transaction
  [1m[36m (0.1ms)[0m  [1mrollback transaction[0m
  Rendered movies/_form.html.erb (7.1ms)
  Rendered movies/new.html.erb within layouts/application (42.6ms)
  [1m[35mUser Load (2.1ms)[0m  SELECT "users".* FROM "users" WHERE "users"."id" = ? LIMIT 1  [["id", 1]]
  Rendered layouts/_footer.html.erb (5.6ms)
Completed 200 OK in 564ms (Views: 254.7ms | ActiveRecord: 2.5ms)


Started GET "/assets/application.css?body=1" for 10.0.2.2 at 2015-10-20 17:52:42 +0000


Started GET "/assets/jquery.js?body=1" for 10.0.2.2 at 2015-10-20 17:52:42 +0000


Started GET "/assets/users.css?body=1" for 10.0.2.2 at 2015-10-20 17:52:42 +0000


Started GET "/assets/sessions.css?body=1" for 10.0.2.2 at 2015-10-20 17:52:42 +0000


Started GET "/assets/reviews.css?body=1" for 10.0.2.2 at 2015-10-20 17:52:42 +0000


Started GET "/assets/movies.css?body=1" for 10.0.2.2 at 2015-10-20 17:52:42 +0000


Started GET "/assets/jquery_ujs.js?body=1" for 10.0.2.2 at 2015-10-20 17:52:43 +0000


Started GET "/assets/turbolinks.js?body=1" for 10.0.2.2 at 2015-10-20 17:52:43 +0000


Started GET "/assets/movies.js?body=1" for 10.0.2.2 at 2015-10-20 17:52:43 +0000


Started GET "/assets/reviews.js?body=1" for 10.0.2.2 at 2015-10-20 17:52:43 +0000


Started GET "/assets/sessions.js?body=1" for 10.0.2.2 at 2015-10-20 17:52:43 +0000


Started GET "/assets/users.js?body=1" for 10.0.2.2 at 2015-10-20 17:52:43 +0000


Started GET "/assets/application.js?body=1" for 10.0.2.2 at 2015-10-20 17:52:43 +0000


Started POST "/movies" for 10.0.2.2 at 2015-10-20 17:52:58 +0000
Processing by MoviesController#create as HTML
  Parameters: {"utf8"=>"✓", "authenticity_token"=>"YPPEPGEDDq3ZKCIuv4yZVNLFLQ3IaiE8w7MkSaQbapE=", "movie"=>{"title"=>"The Dark Knight Rises", "release_date"=>"2016-11-12", "director"=>"Nolan", "runtime_in_minutes"=>"234", "image"=>#<ActionDispatch::Http::UploadedFile:0xc56c6e0 @tempfile=#<Tempfile:/tmp/RackMultipart20151020-3958-4eruhk>, @original_filename="dark_knight.img", @content_type="application/octet-stream", @headers="Content-Disposition: form-data; name=\"movie[image]\"; filename=\"dark_knight.img\"\r\nContent-Type: application/octet-stream\r\n">, "description"=>"FIrst of the series"}, "commit"=>"Submit"}
  [1m[36m (0.2ms)[0m  [1mbegin transaction[0m
  [1m[35m (0.1ms)[0m  rollback transaction
  Rendered movies/_form.html.erb (7.2ms)
  Rendered movies/new.html.erb within layouts/application (41.5ms)
  [1m[36mUser Load (2.4ms)[0m  [1mSELECT "users".* FROM "users" WHERE "users"."id" = ? LIMIT 1[0m  [["id", 1]]
  Rendered layouts/_footer.html.erb (4.6ms)
Completed 200 OK in 546ms (Views: 256.5ms | ActiveRecord: 2.8ms)


Started GET "/assets/application.css?body=1" for 10.0.2.2 at 2015-10-20 17:52:59 +0000


Started GET "/assets/reviews.css?body=1" for 10.0.2.2 at 2015-10-20 17:52:59 +0000


Started GET "/assets/sessions.css?body=1" for 10.0.2.2 at 2015-10-20 17:52:59 +0000


Started GET "/assets/jquery.js?body=1" for 10.0.2.2 at 2015-10-20 17:52:59 +0000


Started GET "/assets/users.css?body=1" for 10.0.2.2 at 2015-10-20 17:53:00 +0000


Started GET "/assets/movies.css?body=1" for 10.0.2.2 at 2015-10-20 17:53:00 +0000


Started GET "/assets/jquery_ujs.js?body=1" for 10.0.2.2 at 2015-10-20 17:53:00 +0000


Started GET "/assets/turbolinks.js?body=1" for 10.0.2.2 at 2015-10-20 17:53:00 +0000


Started GET "/assets/movies.js?body=1" for 10.0.2.2 at 2015-10-20 17:53:00 +0000


Started GET "/assets/reviews.js?body=1" for 10.0.2.2 at 2015-10-20 17:53:00 +0000


Started GET "/assets/sessions.js?body=1" for 10.0.2.2 at 2015-10-20 17:53:00 +0000


Started GET "/assets/users.js?body=1" for 10.0.2.2 at 2015-10-20 17:53:00 +0000


Started GET "/assets/application.js?body=1" for 10.0.2.2 at 2015-10-20 17:53:00 +0000


Started POST "/movies" for 10.0.2.2 at 2015-10-20 17:55:49 +0000
Processing by MoviesController#create as HTML
  Parameters: {"utf8"=>"✓", "authenticity_token"=>"YPPEPGEDDq3ZKCIuv4yZVNLFLQ3IaiE8w7MkSaQbapE=", "movie"=>{"title"=>"The Dark Knight Rises", "release_date"=>"2016-11-12", "director"=>"Nolan", "runtime_in_minutes"=>"234", "image"=>#<ActionDispatch::Http::UploadedFile:0xbd63674 @tempfile=#<Tempfile:/tmp/RackMultipart20151020-3958-jgv7tt>, @original_filename="dark_knight.img", @content_type="application/octet-stream", @headers="Content-Disposition: form-data; name=\"movie[image]\"; filename=\"dark_knight.img\"\r\nContent-Type: application/octet-stream\r\n">, "description"=>"FIrst of the series"}, "commit"=>"Submit"}
  [1m[35m (0.2ms)[0m  begin transaction
  [1m[36m (0.2ms)[0m  [1mrollback transaction[0m
  Rendered movies/_form.html.erb (7.1ms)
  Rendered movies/new.html.erb within layouts/application (41.2ms)
  [1m[35mUser Load (2.2ms)[0m  SELECT "users".* FROM "users" WHERE "users"."id" = ? LIMIT 1  [["id", 1]]
  Rendered layouts/_footer.html.erb (66.9ms)
Completed 200 OK in 692ms (Views: 309.5ms | ActiveRecord: 9.2ms)


Started GET "/assets/jquery.js?body=1" for 10.0.2.2 at 2015-10-20 17:55:50 +0000


Started GET "/assets/users.css?body=1" for 10.0.2.2 at 2015-10-20 17:55:50 +0000


Started GET "/assets/sessions.css?body=1" for 10.0.2.2 at 2015-10-20 17:55:50 +0000


Started GET "/assets/reviews.css?body=1" for 10.0.2.2 at 2015-10-20 17:55:50 +0000


Started GET "/assets/application.css?body=1" for 10.0.2.2 at 2015-10-20 17:55:50 +0000


Started GET "/assets/movies.css?body=1" for 10.0.2.2 at 2015-10-20 17:55:50 +0000


Started GET "/assets/jquery_ujs.js?body=1" for 10.0.2.2 at 2015-10-20 17:55:50 +0000


Started GET "/assets/turbolinks.js?body=1" for 10.0.2.2 at 2015-10-20 17:55:50 +0000


Started GET "/assets/movies.js?body=1" for 10.0.2.2 at 2015-10-20 17:55:51 +0000


Started GET "/assets/reviews.js?body=1" for 10.0.2.2 at 2015-10-20 17:55:51 +0000


Started GET "/assets/sessions.js?body=1" for 10.0.2.2 at 2015-10-20 17:55:51 +0000


Started GET "/assets/users.js?body=1" for 10.0.2.2 at 2015-10-20 17:55:51 +0000


Started GET "/assets/application.js?body=1" for 10.0.2.2 at 2015-10-20 17:55:51 +0000


Started POST "/movies" for 10.0.2.2 at 2015-10-20 17:56:33 +0000
Processing by MoviesController#create as HTML
  Parameters: {"utf8"=>"✓", "authenticity_token"=>"YPPEPGEDDq3ZKCIuv4yZVNLFLQ3IaiE8w7MkSaQbapE=", "movie"=>{"title"=>"The Dark Knight Rises", "release_date"=>"2016-11-12", "director"=>"Nolan", "runtime_in_minutes"=>"234", "image"=>#<ActionDispatch::Http::UploadedFile:0xae9c6f4 @tempfile=#<Tempfile:/tmp/RackMultipart20151020-3958-13n2qd2>, @original_filename="dark_knight.img", @content_type="application/octet-stream", @headers="Content-Disposition: form-data; name=\"movie[image]\"; filename=\"dark_knight.img\"\r\nContent-Type: application/octet-stream\r\n">, "description"=>"FIrst of the series"}, "commit"=>"Submit"}
  [1m[36m (0.3ms)[0m  [1mbegin transaction[0m
  [1m[35m (0.2ms)[0m  rollback transaction
  Rendered movies/_form.html.erb (6.8ms)
  Rendered movies/new.html.erb within layouts/application (42.9ms)
  [1m[36mUser Load (2.0ms)[0m  [1mSELECT "users".* FROM "users" WHERE "users"."id" = ? LIMIT 1[0m  [["id", 1]]
  Rendered layouts/_footer.html.erb (4.6ms)
Completed 200 OK in 548ms (Views: 264.4ms | ActiveRecord: 2.5ms)


Started GET "/assets/application.css?body=1" for 10.0.2.2 at 2015-10-20 17:56:34 +0000


Started GET "/assets/movies.css?body=1" for 10.0.2.2 at 2015-10-20 17:56:34 +0000


Started GET "/assets/users.css?body=1" for 10.0.2.2 at 2015-10-20 17:56:34 +0000


Started GET "/assets/sessions.css?body=1" for 10.0.2.2 at 2015-10-20 17:56:34 +0000


Started GET "/assets/reviews.css?body=1" for 10.0.2.2 at 2015-10-20 17:56:34 +0000


Started GET "/assets/jquery.js?body=1" for 10.0.2.2 at 2015-10-20 17:56:34 +0000


Started GET "/assets/jquery_ujs.js?body=1" for 10.0.2.2 at 2015-10-20 17:56:34 +0000


Started GET "/assets/turbolinks.js?body=1" for 10.0.2.2 at 2015-10-20 17:56:34 +0000


Started GET "/assets/movies.js?body=1" for 10.0.2.2 at 2015-10-20 17:56:34 +0000


Started GET "/assets/reviews.js?body=1" for 10.0.2.2 at 2015-10-20 17:56:35 +0000


Started GET "/assets/sessions.js?body=1" for 10.0.2.2 at 2015-10-20 17:56:35 +0000


Started GET "/assets/users.js?body=1" for 10.0.2.2 at 2015-10-20 17:56:35 +0000


Started GET "/assets/application.js?body=1" for 10.0.2.2 at 2015-10-20 17:56:35 +0000


Started POST "/movies" for 10.0.2.2 at 2015-10-20 17:57:32 +0000
  [1m[36mActiveRecord::SchemaMigration Load (2.3ms)[0m  [1mSELECT "schema_migrations".* FROM "schema_migrations"[0m
Processing by MoviesController#create as HTML
  Parameters: {"utf8"=>"✓", "authenticity_token"=>"YPPEPGEDDq3ZKCIuv4yZVNLFLQ3IaiE8w7MkSaQbapE=", "movie"=>{"title"=>"The Dark Knight Rises", "release_date"=>"2016-11-12", "director"=>"Nolan", "runtime_in_minutes"=>"234", "image"=>#<ActionDispatch::Http::UploadedFile:0xacbcbe0 @tempfile=#<Tempfile:/tmp/RackMultipart20151020-4005-gub1cm>, @original_filename="dark_knight.img", @content_type="application/octet-stream", @headers="Content-Disposition: form-data; name=\"movie[image]\"; filename=\"dark_knight.img\"\r\nContent-Type: application/octet-stream\r\n">, "description"=>"FIrst of the series"}, "commit"=>"Submit"}
  [1m[35m (0.2ms)[0m  begin transaction
  [1m[36mSQL (6.6ms)[0m  [1mINSERT INTO "movies" ("created_at", "description", "director", "image", "release_date", "runtime_in_minutes", "title", "updated_at") VALUES (?, ?, ?, ?, ?, ?, ?, ?)[0m  [["created_at", Tue, 20 Oct 2015 17:57:35 UTC +00:00], ["description", "FIrst of the series"], ["director", "Nolan"], ["image", "dark_knight.img"], ["release_date", Sat, 12 Nov 2016 00:00:00 UTC +00:00], ["runtime_in_minutes", 234], ["title", "The Dark Knight Rises"], ["updated_at", Tue, 20 Oct 2015 17:57:35 UTC +00:00]]
  [1m[35m (6.8ms)[0m  commit transaction
Redirected to http://localhost:3000/movies
Completed 302 Found in 709ms (ActiveRecord: 16.3ms)


Started GET "/movies" for 10.0.2.2 at 2015-10-20 17:57:35 +0000
Processing by MoviesController#index as HTML
  [1m[36mMovie Load (2.3ms)[0m  [1mSELECT "movies".* FROM "movies"[0m
  Rendered movies/index.html.erb within layouts/application (30.1ms)
  [1m[35mUser Load (2.2ms)[0m  SELECT "users".* FROM "users" WHERE "users"."id" = ? LIMIT 1  [["id", 1]]
  Rendered layouts/_footer.html.erb (118.9ms)
Completed 200 OK in 803ms (Views: 794.1ms | ActiveRecord: 7.1ms)


Started GET "/assets/application.css?body=1" for 10.0.2.2 at 2015-10-20 17:57:36 +0000


Started GET "/assets/jquery.js?body=1" for 10.0.2.2 at 2015-10-20 17:57:36 +0000


Started GET "/assets/users.css?body=1" for 10.0.2.2 at 2015-10-20 17:57:36 +0000


Started GET "/assets/sessions.css?body=1" for 10.0.2.2 at 2015-10-20 17:57:36 +0000


Started GET "/assets/reviews.css?body=1" for 10.0.2.2 at 2015-10-20 17:57:36 +0000


Started GET "/assets/movies.css?body=1" for 10.0.2.2 at 2015-10-20 17:57:36 +0000


Started GET "/assets/jquery_ujs.js?body=1" for 10.0.2.2 at 2015-10-20 17:57:37 +0000


Started GET "/assets/turbolinks.js?body=1" for 10.0.2.2 at 2015-10-20 17:57:37 +0000


Started GET "/assets/movies.js?body=1" for 10.0.2.2 at 2015-10-20 17:57:37 +0000


Started GET "/assets/reviews.js?body=1" for 10.0.2.2 at 2015-10-20 17:57:37 +0000


Started GET "/assets/sessions.js?body=1" for 10.0.2.2 at 2015-10-20 17:57:37 +0000


Started GET "/assets/users.js?body=1" for 10.0.2.2 at 2015-10-20 17:57:37 +0000


Started GET "/assets/application.js?body=1" for 10.0.2.2 at 2015-10-20 17:57:37 +0000


Started GET "/movies/4" for 10.0.2.2 at 2015-10-20 17:58:04 +0000
Processing by MoviesController#show as HTML
  Parameters: {"id"=>"4"}
  [1m[36mMovie Load (4.2ms)[0m  [1mSELECT "movies".* FROM "movies" WHERE "movies"."id" = ? LIMIT 1[0m  [["id", "4"]]
  Rendered movies/show.html.erb within layouts/application (61.4ms)
Completed 500 Internal Server Error in 185ms

ActionView::Template::Error (undefined method `movie' for #<Movie:0xb55b8a0>):
    1: <%= link_to "Back to all movies", movies_path %><br/>
    2: 
    3:   <%= link_to image_tag(@movie.movie), movie_path(@movie) %>
    4:   <h2><%= @movie.title %> (<%= link_to "edit", edit_movie_path(@movie) %>, <%= link_to "delete", movie_path(@movie), method: :delete, confirm: "You sure?" %>)</h2>
    5:   <h3><%= @movie.release_date %></h3>
    6:   <h4>Dir. <%= @movie.director %> | <%= @movie.runtime_in_minutes %> minutes</h4>
  app/views/movies/show.html.erb:3:in `_app_views_movies_show_html_erb__425887345_95081750'


  Rendered /usr/local/rvm/gems/ruby-2.1.3/gems/actionpack-4.0.0/lib/action_dispatch/middleware/templates/rescues/_trace.erb (3.8ms)
  Rendered /usr/local/rvm/gems/ruby-2.1.3/gems/actionpack-4.0.0/lib/action_dispatch/middleware/templates/rescues/_request_and_response.erb (1.3ms)
  Rendered /usr/local/rvm/gems/ruby-2.1.3/gems/actionpack-4.0.0/lib/action_dispatch/middleware/templates/rescues/template_error.erb within rescues/layout (24.5ms)


Started GET "/movies/4" for 10.0.2.2 at 2015-10-20 17:58:04 +0000
Processing by MoviesController#show as HTML
  Parameters: {"id"=>"4"}
  [1m[35mMovie Load (3.7ms)[0m  SELECT "movies".* FROM "movies" WHERE "movies"."id" = ? LIMIT 1  [["id", "4"]]
  Rendered movies/show.html.erb within layouts/application (35.9ms)
Completed 500 Internal Server Error in 136ms

ActionView::Template::Error (undefined method `movie' for #<Movie:0xb5d4390>):
    1: <%= link_to "Back to all movies", movies_path %><br/>
    2: 
    3:   <%= link_to image_tag(@movie.movie), movie_path(@movie) %>
    4:   <h2><%= @movie.title %> (<%= link_to "edit", edit_movie_path(@movie) %>, <%= link_to "delete", movie_path(@movie), method: :delete, confirm: "You sure?" %>)</h2>
    5:   <h3><%= @movie.release_date %></h3>
    6:   <h4>Dir. <%= @movie.director %> | <%= @movie.runtime_in_minutes %> minutes</h4>
  app/views/movies/show.html.erb:3:in `_app_views_movies_show_html_erb__425887345_95345320'


  Rendered /usr/local/rvm/gems/ruby-2.1.3/gems/actionpack-4.0.0/lib/action_dispatch/middleware/templates/rescues/_trace.erb (2.4ms)
  Rendered /usr/local/rvm/gems/ruby-2.1.3/gems/actionpack-4.0.0/lib/action_dispatch/middleware/templates/rescues/_request_and_response.erb (1.5ms)
  Rendered /usr/local/rvm/gems/ruby-2.1.3/gems/actionpack-4.0.0/lib/action_dispatch/middleware/templates/rescues/template_error.erb within rescues/layout (19.1ms)


Started GET "/movies/4" for 10.0.2.2 at 2015-10-20 17:58:48 +0000
Processing by MoviesController#show as HTML
  Parameters: {"id"=>"4"}
  [1m[36mMovie Load (1.2ms)[0m  [1mSELECT "movies".* FROM "movies" WHERE "movies"."id" = ? LIMIT 1[0m  [["id", "4"]]
DEPRECATION WARNING: :confirm option is deprecated and will be removed from Rails 4.1. Use 'data: { confirm: 'Text' }' instead. (called from _app_views_movies_show_html_erb__425887345__620828608 at /vagrant/rotten_mangoes/app/views/movies/show.html.erb:4)
  [1m[35mUser Load (3.0ms)[0m  SELECT "users".* FROM "users" WHERE "users"."id" = ? LIMIT 1  [["id", 1]]
  [1m[36mReview Load (2.3ms)[0m  [1mSELECT "reviews".* FROM "reviews" WHERE "reviews"."movie_id" = ?[0m  [["movie_id", 4]]
  Rendered movies/show.html.erb within layouts/application (157.5ms)
  Rendered layouts/_footer.html.erb (0.5ms)
Completed 200 OK in 393ms (Views: 382.5ms | ActiveRecord: 6.7ms)


Started GET "/assets/sessions.css?body=1" for 10.0.2.2 at 2015-10-20 17:58:49 +0000


Started GET "/assets/reviews.css?body=1" for 10.0.2.2 at 2015-10-20 17:58:49 +0000


Started GET "/assets/application.css?body=1" for 10.0.2.2 at 2015-10-20 17:58:49 +0000


Started GET "/assets/movies.css?body=1" for 10.0.2.2 at 2015-10-20 17:58:49 +0000


Started GET "/assets/users.css?body=1" for 10.0.2.2 at 2015-10-20 17:58:49 +0000


Started GET "/assets/jquery.js?body=1" for 10.0.2.2 at 2015-10-20 17:58:49 +0000


Started GET "/assets/jquery_ujs.js?body=1" for 10.0.2.2 at 2015-10-20 17:58:49 +0000


Started GET "/assets/turbolinks.js?body=1" for 10.0.2.2 at 2015-10-20 17:58:49 +0000


Started GET "/assets/movies.js?body=1" for 10.0.2.2 at 2015-10-20 17:58:50 +0000


Started GET "/assets/reviews.js?body=1" for 10.0.2.2 at 2015-10-20 17:58:50 +0000


Started GET "/assets/sessions.js?body=1" for 10.0.2.2 at 2015-10-20 17:58:50 +0000


Started GET "/assets/users.js?body=1" for 10.0.2.2 at 2015-10-20 17:58:50 +0000


Started GET "/assets/application.js?body=1" for 10.0.2.2 at 2015-10-20 17:58:50 +0000


Started GET "/movies/4" for 10.0.2.2 at 2015-10-20 17:59:10 +0000
Processing by MoviesController#show as HTML
  Parameters: {"id"=>"4"}
  [1m[35mMovie Load (2.6ms)[0m  SELECT "movies".* FROM "movies" WHERE "movies"."id" = ? LIMIT 1  [["id", "4"]]
DEPRECATION WARNING: :confirm option is deprecated and will be removed from Rails 4.1. Use 'data: { confirm: 'Text' }' instead. (called from _app_views_movies_show_html_erb__425887345_95601290 at /vagrant/rotten_mangoes/app/views/movies/show.html.erb:4)
  [1m[36mUser Load (2.1ms)[0m  [1mSELECT "users".* FROM "users" WHERE "users"."id" = ? LIMIT 1[0m  [["id", 1]]
  [1m[35mReview Load (2.0ms)[0m  SELECT "reviews".* FROM "reviews" WHERE "reviews"."movie_id" = ?  [["movie_id", 4]]
  Rendered movies/show.html.erb within layouts/application (14.2ms)
  Rendered layouts/_footer.html.erb (0.5ms)
Completed 200 OK in 241ms (Views: 230.9ms | ActiveRecord: 6.7ms)


Started GET "/assets/application.css?body=1" for 10.0.2.2 at 2015-10-20 17:59:10 +0000


Started GET "/assets/movies.css?body=1" for 10.0.2.2 at 2015-10-20 17:59:10 +0000


Started GET "/assets/sessions.css?body=1" for 10.0.2.2 at 2015-10-20 17:59:10 +0000


Started GET "/assets/reviews.css?body=1" for 10.0.2.2 at 2015-10-20 17:59:10 +0000


Started GET "/assets/jquery.js?body=1" for 10.0.2.2 at 2015-10-20 17:59:10 +0000


Started GET "/assets/users.css?body=1" for 10.0.2.2 at 2015-10-20 17:59:11 +0000


Started GET "/assets/jquery_ujs.js?body=1" for 10.0.2.2 at 2015-10-20 17:59:11 +0000


Started GET "/assets/turbolinks.js?body=1" for 10.0.2.2 at 2015-10-20 17:59:11 +0000


Started GET "/assets/movies.js?body=1" for 10.0.2.2 at 2015-10-20 17:59:11 +0000


Started GET "/assets/reviews.js?body=1" for 10.0.2.2 at 2015-10-20 17:59:11 +0000


Started GET "/assets/sessions.js?body=1" for 10.0.2.2 at 2015-10-20 17:59:11 +0000


Started GET "/assets/users.js?body=1" for 10.0.2.2 at 2015-10-20 17:59:11 +0000


Started GET "/assets/application.js?body=1" for 10.0.2.2 at 2015-10-20 17:59:11 +0000


Started GET "/movies/4" for 10.0.2.2 at 2015-10-20 17:59:28 +0000
Processing by MoviesController#show as HTML
  Parameters: {"id"=>"4"}
  [1m[36mMovie Load (1.2ms)[0m  [1mSELECT "movies".* FROM "movies" WHERE "movies"."id" = ? LIMIT 1[0m  [["id", "4"]]
  Rendered movies/show.html.erb within layouts/application (36.5ms)
Completed 500 Internal Server Error in 141ms

ActionView::Template::Error (undefined method `image_image_url' for #<Movie:0xb630758>):
    1: <%= link_to "Back to all movies", movies_path %><br/>
    2: 
    3:   <%= link_to image_tag(@movie.image_image_url), movie_path(@movie) %>
    4:   <h2><%= @movie.title %> (<%= link_to "edit", edit_movie_path(@movie) %>, <%= link_to "delete", movie_path(@movie), method: :delete, confirm: "You sure?" %>)</h2>
    5:   <h3><%= @movie.release_date %></h3>
    6:   <h4>Dir. <%= @movie.director %> | <%= @movie.runtime_in_minutes %> minutes</h4>
  app/views/movies/show.html.erb:3:in `_app_views_movies_show_html_erb__425887345_95485210'


  Rendered /usr/local/rvm/gems/ruby-2.1.3/gems/actionpack-4.0.0/lib/action_dispatch/middleware/templates/rescues/_trace.erb (3.6ms)
  Rendered /usr/local/rvm/gems/ruby-2.1.3/gems/actionpack-4.0.0/lib/action_dispatch/middleware/templates/rescues/_request_and_response.erb (2.3ms)
  Rendered /usr/local/rvm/gems/ruby-2.1.3/gems/actionpack-4.0.0/lib/action_dispatch/middleware/templates/rescues/template_error.erb within rescues/layout (26.4ms)


Started GET "/movies/4" for 10.0.2.2 at 2015-10-20 18:00:05 +0000
Processing by MoviesController#show as HTML
  Parameters: {"id"=>"4"}
  [1m[35mMovie Load (3.7ms)[0m  SELECT "movies".* FROM "movies" WHERE "movies"."id" = ? LIMIT 1  [["id", "4"]]
DEPRECATION WARNING: :confirm option is deprecated and will be removed from Rails 4.1. Use 'data: { confirm: 'Text' }' instead. (called from _app_views_movies_show_html_erb__425887345__631477088 at /vagrant/rotten_mangoes/app/views/movies/show.html.erb:4)
  [1m[36mUser Load (2.3ms)[0m  [1mSELECT "users".* FROM "users" WHERE "users"."id" = ? LIMIT 1[0m  [["id", 1]]
  [1m[35mReview Load (3.0ms)[0m  SELECT "reviews".* FROM "reviews" WHERE "reviews"."movie_id" = ?  [["movie_id", 4]]
  Rendered movies/show.html.erb within layouts/application (14.1ms)
  Rendered layouts/_footer.html.erb (0.4ms)
Completed 200 OK in 242ms (Views: 231.8ms | ActiveRecord: 9.0ms)


Started GET "/assets/movies.css?body=1" for 10.0.2.2 at 2015-10-20 18:00:06 +0000


Started GET "/assets/application.css?body=1" for 10.0.2.2 at 2015-10-20 18:00:06 +0000


Started GET "/assets/jquery.js?body=1" for 10.0.2.2 at 2015-10-20 18:00:06 +0000


Started GET "/assets/users.css?body=1" for 10.0.2.2 at 2015-10-20 18:00:06 +0000


Started GET "/assets/sessions.css?body=1" for 10.0.2.2 at 2015-10-20 18:00:06 +0000


Started GET "/assets/reviews.css?body=1" for 10.0.2.2 at 2015-10-20 18:00:06 +0000


Started GET "/assets/jquery_ujs.js?body=1" for 10.0.2.2 at 2015-10-20 18:00:07 +0000


Started GET "/assets/turbolinks.js?body=1" for 10.0.2.2 at 2015-10-20 18:00:07 +0000


Started GET "/assets/movies.js?body=1" for 10.0.2.2 at 2015-10-20 18:00:07 +0000


Started GET "/assets/reviews.js?body=1" for 10.0.2.2 at 2015-10-20 18:00:07 +0000


Started GET "/assets/sessions.js?body=1" for 10.0.2.2 at 2015-10-20 18:00:07 +0000


Started GET "/assets/users.js?body=1" for 10.0.2.2 at 2015-10-20 18:00:07 +0000


Started GET "/assets/application.js?body=1" for 10.0.2.2 at 2015-10-20 18:00:07 +0000


Started GET "/movies/4" for 10.0.2.2 at 2015-10-20 18:17:01 +0000
Processing by MoviesController#show as HTML
  Parameters: {"id"=>"4"}
  [1m[36mMovie Load (2.5ms)[0m  [1mSELECT "movies".* FROM "movies" WHERE "movies"."id" = ? LIMIT 1[0m  [["id", "4"]]
DEPRECATION WARNING: :confirm option is deprecated and will be removed from Rails 4.1. Use 'data: { confirm: 'Text' }' instead. (called from _app_views_movies_show_html_erb__425887345_91338260 at /vagrant/rotten_mangoes/app/views/movies/show.html.erb:4)
  [1m[35mUser Load (2.1ms)[0m  SELECT "users".* FROM "users" WHERE "users"."id" = ? LIMIT 1  [["id", 1]]
  [1m[36mReview Load (2.8ms)[0m  [1mSELECT "reviews".* FROM "reviews" WHERE "reviews"."movie_id" = ?[0m  [["movie_id", 4]]
  Rendered movies/show.html.erb within layouts/application (135.5ms)
  Rendered layouts/_footer.html.erb (0.6ms)
Completed 200 OK in 470ms (Views: 339.4ms | ActiveRecord: 15.2ms)


Started GET "/assets/application.css?body=1" for 10.0.2.2 at 2015-10-20 18:17:02 +0000


Started GET "/assets/movies.css?body=1" for 10.0.2.2 at 2015-10-20 18:17:02 +0000


Started GET "/assets/users.css?body=1" for 10.0.2.2 at 2015-10-20 18:17:02 +0000


Started GET "/assets/jquery.js?body=1" for 10.0.2.2 at 2015-10-20 18:17:02 +0000


Started GET "/assets/reviews.css?body=1" for 10.0.2.2 at 2015-10-20 18:17:02 +0000


Started GET "/assets/sessions.css?body=1" for 10.0.2.2 at 2015-10-20 18:17:03 +0000


Started GET "/assets/jquery_ujs.js?body=1" for 10.0.2.2 at 2015-10-20 18:17:03 +0000


Started GET "/assets/turbolinks.js?body=1" for 10.0.2.2 at 2015-10-20 18:17:03 +0000


Started GET "/assets/movies.js?body=1" for 10.0.2.2 at 2015-10-20 18:17:03 +0000


Started GET "/assets/reviews.js?body=1" for 10.0.2.2 at 2015-10-20 18:17:03 +0000


Started GET "/assets/sessions.js?body=1" for 10.0.2.2 at 2015-10-20 18:17:03 +0000


Started GET "/assets/users.js?body=1" for 10.0.2.2 at 2015-10-20 18:17:03 +0000


Started GET "/assets/application.js?body=1" for 10.0.2.2 at 2015-10-20 18:17:03 +0000


Started DELETE "/movies/4" for 10.0.2.2 at 2015-10-20 18:17:09 +0000
Processing by MoviesController#destroy as HTML
  Parameters: {"authenticity_token"=>"YPPEPGEDDq3ZKCIuv4yZVNLFLQ3IaiE8w7MkSaQbapE=", "id"=>"4"}
  [1m[35mMovie Load (3.2ms)[0m  SELECT "movies".* FROM "movies" WHERE "movies"."id" = ? LIMIT 1  [["id", "4"]]
  [1m[36m (0.2ms)[0m  [1mbegin transaction[0m
  [1m[35mSQL (0.7ms)[0m  DELETE FROM "movies" WHERE "movies"."id" = ?  [["id", 4]]
  [1m[36m (5.2ms)[0m  [1mcommit transaction[0m
Redirected to http://localhost:3000/movies
Completed 302 Found in 44ms (ActiveRecord: 9.2ms)


Started GET "/movies" for 10.0.2.2 at 2015-10-20 18:17:09 +0000
Processing by MoviesController#index as HTML
  [1m[35mMovie Load (4.6ms)[0m  SELECT "movies".* FROM "movies"
  Rendered movies/index.html.erb within layouts/application (7.4ms)
  [1m[36mUser Load (0.9ms)[0m  [1mSELECT "users".* FROM "users" WHERE "users"."id" = ? LIMIT 1[0m  [["id", 1]]
  Rendered layouts/_footer.html.erb (3.4ms)
Completed 200 OK in 252ms (Views: 245.3ms | ActiveRecord: 5.5ms)


Started GET "/assets/reviews.css?body=1" for 10.0.2.2 at 2015-10-20 18:17:09 +0000


Started GET "/assets/sessions.css?body=1" for 10.0.2.2 at 2015-10-20 18:17:10 +0000


Started GET "/assets/users.css?body=1" for 10.0.2.2 at 2015-10-20 18:17:10 +0000


Started GET "/assets/jquery.js?body=1" for 10.0.2.2 at 2015-10-20 18:17:10 +0000


Started GET "/assets/movies.css?body=1" for 10.0.2.2 at 2015-10-20 18:17:10 +0000


Started GET "/assets/application.css?body=1" for 10.0.2.2 at 2015-10-20 18:17:10 +0000


Started GET "/assets/jquery_ujs.js?body=1" for 10.0.2.2 at 2015-10-20 18:17:10 +0000


Started GET "/assets/turbolinks.js?body=1" for 10.0.2.2 at 2015-10-20 18:17:10 +0000


Started GET "/assets/movies.js?body=1" for 10.0.2.2 at 2015-10-20 18:17:10 +0000


Started GET "/assets/reviews.js?body=1" for 10.0.2.2 at 2015-10-20 18:17:10 +0000


Started GET "/assets/sessions.js?body=1" for 10.0.2.2 at 2015-10-20 18:17:10 +0000


Started GET "/assets/users.js?body=1" for 10.0.2.2 at 2015-10-20 18:17:11 +0000


Started GET "/assets/application.js?body=1" for 10.0.2.2 at 2015-10-20 18:17:11 +0000
